{"message":"::1 - - [12/Sep/2021:23:30:43 +0000] \"GET / HTTP/1.1\" 302 58 \"-\" \"Mozilla/5.0 (Macintosh; Intel Mac OS X 10_15_7) AppleWebKit/537.36 (KHTML, like Gecko) Chrome/93.0.4577.63 Safari/537.36\"\n","level":"info"}
{"message":"::1 - - [12/Sep/2021:23:30:43 +0000] \"GET /signin HTTP/1.1\" 200 3862 \"-\" \"Mozilla/5.0 (Macintosh; Intel Mac OS X 10_15_7) AppleWebKit/537.36 (KHTML, like Gecko) Chrome/93.0.4577.63 Safari/537.36\"\n","level":"info"}
{"message":"::1 - - [12/Sep/2021:23:30:43 +0000] \"GET /assets/css/bootstrap-css/bootstrap.min.css HTTP/1.1\" 304 - \"-\" \"Mozilla/5.0 (Macintosh; Intel Mac OS X 10_15_7) AppleWebKit/537.36 (KHTML, like Gecko) Chrome/93.0.4577.63 Safari/537.36\"\n","level":"info"}
{"message":"::1 - - [12/Sep/2021:23:30:43 +0000] \"GET /assets/css/selectize.bootstrap4.css HTTP/1.1\" 304 - \"-\" \"Mozilla/5.0 (Macintosh; Intel Mac OS X 10_15_7) AppleWebKit/537.36 (KHTML, like Gecko) Chrome/93.0.4577.63 Safari/537.36\"\n","level":"info"}
{"message":"::1 - - [12/Sep/2021:23:30:43 +0000] \"GET /assets/css/styles.css HTTP/1.1\" 304 - \"-\" \"Mozilla/5.0 (Macintosh; Intel Mac OS X 10_15_7) AppleWebKit/537.36 (KHTML, like Gecko) Chrome/93.0.4577.63 Safari/537.36\"\n","level":"info"}
{"message":"::1 - - [12/Sep/2021:23:30:43 +0000] \"GET /assets/js/jquery/jquery.js HTTP/1.1\" 304 - \"-\" \"Mozilla/5.0 (Macintosh; Intel Mac OS X 10_15_7) AppleWebKit/537.36 (KHTML, like Gecko) Chrome/93.0.4577.63 Safari/537.36\"\n","level":"info"}
{"message":"::1 - - [12/Sep/2021:23:30:43 +0000] \"GET /assets/js/bootstrap-js/bootstrap.bundle.min.js HTTP/1.1\" 304 - \"-\" \"Mozilla/5.0 (Macintosh; Intel Mac OS X 10_15_7) AppleWebKit/537.36 (KHTML, like Gecko) Chrome/93.0.4577.63 Safari/537.36\"\n","level":"info"}
{"message":"::1 - - [12/Sep/2021:23:30:43 +0000] \"GET /assets/js/selectize/selectize.js HTTP/1.1\" 304 - \"-\" \"Mozilla/5.0 (Macintosh; Intel Mac OS X 10_15_7) AppleWebKit/537.36 (KHTML, like Gecko) Chrome/93.0.4577.63 Safari/537.36\"\n","level":"info"}
{"message":"::1 - - [12/Sep/2021:23:30:43 +0000] \"GET /assets/js/auth.js HTTP/1.1\" 304 - \"-\" \"Mozilla/5.0 (Macintosh; Intel Mac OS X 10_15_7) AppleWebKit/537.36 (KHTML, like Gecko) Chrome/93.0.4577.63 Safari/537.36\"\n","level":"info"}
{"message":"::1 - - [12/Sep/2021:23:30:44 +0000] \"GET /assets/css/bootstrap-css/bootstrap.min.css.map HTTP/1.1\" 200 646357 \"-\" \"Mozilla/5.0 (Macintosh; Intel Mac OS X 10_15_7) AppleWebKit/537.36 (KHTML, like Gecko) Chrome/93.0.4577.63 Safari/537.36\"\n","level":"info"}
{"message":"::1 - - [12/Sep/2021:23:30:44 +0000] \"GET /assets/js/bootstrap-js/bootstrap.bundle.min.js.map HTTP/1.1\" 200 315990 \"-\" \"Mozilla/5.0 (Macintosh; Intel Mac OS X 10_15_7) AppleWebKit/537.36 (KHTML, like Gecko) Chrome/93.0.4577.63 Safari/537.36\"\n","level":"info"}
{"message":"::1 - - [12/Sep/2021:23:30:48 +0000] \"POST /signin HTTP/1.1\" 302 46 \"-\" \"Mozilla/5.0 (Macintosh; Intel Mac OS X 10_15_7) AppleWebKit/537.36 (KHTML, like Gecko) Chrome/93.0.4577.63 Safari/537.36\"\n","level":"info"}
{"message":"::1 - - [12/Sep/2021:23:30:48 +0000] \"GET / HTTP/1.1\" 200 8436 \"-\" \"Mozilla/5.0 (Macintosh; Intel Mac OS X 10_15_7) AppleWebKit/537.36 (KHTML, like Gecko) Chrome/93.0.4577.63 Safari/537.36\"\n","level":"info"}
{"message":"::1 - - [12/Sep/2021:23:30:48 +0000] \"GET /assets/css/bootstrap-css/bootstrap.min.css HTTP/1.1\" 304 - \"-\" \"Mozilla/5.0 (Macintosh; Intel Mac OS X 10_15_7) AppleWebKit/537.36 (KHTML, like Gecko) Chrome/93.0.4577.63 Safari/537.36\"\n","level":"info"}
{"message":"::1 - - [12/Sep/2021:23:30:48 +0000] \"GET /assets/css/selectize.bootstrap4.css HTTP/1.1\" 304 - \"-\" \"Mozilla/5.0 (Macintosh; Intel Mac OS X 10_15_7) AppleWebKit/537.36 (KHTML, like Gecko) Chrome/93.0.4577.63 Safari/537.36\"\n","level":"info"}
{"message":"::1 - - [12/Sep/2021:23:30:48 +0000] \"GET /assets/css/styles.css HTTP/1.1\" 304 - \"-\" \"Mozilla/5.0 (Macintosh; Intel Mac OS X 10_15_7) AppleWebKit/537.36 (KHTML, like Gecko) Chrome/93.0.4577.63 Safari/537.36\"\n","level":"info"}
{"message":"::1 - - [12/Sep/2021:23:30:48 +0000] \"GET /assets/js/DataTables/datatables.min.css HTTP/1.1\" 304 - \"-\" \"Mozilla/5.0 (Macintosh; Intel Mac OS X 10_15_7) AppleWebKit/537.36 (KHTML, like Gecko) Chrome/93.0.4577.63 Safari/537.36\"\n","level":"info"}
{"message":"::1 - - [12/Sep/2021:23:30:48 +0000] \"GET /assets/css/Chart.min.css HTTP/1.1\" 304 - \"-\" \"Mozilla/5.0 (Macintosh; Intel Mac OS X 10_15_7) AppleWebKit/537.36 (KHTML, like Gecko) Chrome/93.0.4577.63 Safari/537.36\"\n","level":"info"}
{"message":"::1 - - [12/Sep/2021:23:30:48 +0000] \"GET /assets/js/jquery/jquery.js HTTP/1.1\" 304 - \"-\" \"Mozilla/5.0 (Macintosh; Intel Mac OS X 10_15_7) AppleWebKit/537.36 (KHTML, like Gecko) Chrome/93.0.4577.63 Safari/537.36\"\n","level":"info"}
{"message":"::1 - - [12/Sep/2021:23:30:48 +0000] \"GET /assets/js/bootstrap-js/bootstrap.min.js HTTP/1.1\" 304 - \"-\" \"Mozilla/5.0 (Macintosh; Intel Mac OS X 10_15_7) AppleWebKit/537.36 (KHTML, like Gecko) Chrome/93.0.4577.63 Safari/537.36\"\n","level":"info"}
{"message":"::1 - - [12/Sep/2021:23:30:48 +0000] \"GET /assets/js/selectize/selectize.js HTTP/1.1\" 304 - \"-\" \"Mozilla/5.0 (Macintosh; Intel Mac OS X 10_15_7) AppleWebKit/537.36 (KHTML, like Gecko) Chrome/93.0.4577.63 Safari/537.36\"\n","level":"info"}
{"message":"::1 - - [12/Sep/2021:23:30:48 +0000] \"GET /assets/js/moment.js HTTP/1.1\" 304 - \"-\" \"Mozilla/5.0 (Macintosh; Intel Mac OS X 10_15_7) AppleWebKit/537.36 (KHTML, like Gecko) Chrome/93.0.4577.63 Safari/537.36\"\n","level":"info"}
{"message":"::1 - - [12/Sep/2021:23:30:48 +0000] \"GET /assets/js/DataTables2/DataTables-1.10.22/js/jquery.dataTables.min.js HTTP/1.1\" 304 - \"-\" \"Mozilla/5.0 (Macintosh; Intel Mac OS X 10_15_7) AppleWebKit/537.36 (KHTML, like Gecko) Chrome/93.0.4577.63 Safari/537.36\"\n","level":"info"}
{"message":"::1 - - [12/Sep/2021:23:30:48 +0000] \"GET /assets/js/DataTables2/Select-1.3.1/js/dataTables.select.js HTTP/1.1\" 304 - \"-\" \"Mozilla/5.0 (Macintosh; Intel Mac OS X 10_15_7) AppleWebKit/537.36 (KHTML, like Gecko) Chrome/93.0.4577.63 Safari/537.36\"\n","level":"info"}
{"message":"::1 - - [12/Sep/2021:23:30:48 +0000] \"GET /assets/js/home.js HTTP/1.1\" 304 - \"-\" \"Mozilla/5.0 (Macintosh; Intel Mac OS X 10_15_7) AppleWebKit/537.36 (KHTML, like Gecko) Chrome/93.0.4577.63 Safari/537.36\"\n","level":"info"}
{"message":"::1 - - [12/Sep/2021:23:30:48 +0000] \"GET /assets/js/numeral.min.js HTTP/1.1\" 304 - \"-\" \"Mozilla/5.0 (Macintosh; Intel Mac OS X 10_15_7) AppleWebKit/537.36 (KHTML, like Gecko) Chrome/93.0.4577.63 Safari/537.36\"\n","level":"info"}
{"message":"::1 - - [12/Sep/2021:23:30:48 +0000] \"GET /assets/js/Chart.min.js HTTP/1.1\" 304 - \"-\" \"Mozilla/5.0 (Macintosh; Intel Mac OS X 10_15_7) AppleWebKit/537.36 (KHTML, like Gecko) Chrome/93.0.4577.63 Safari/537.36\"\n","level":"info"}
{"message":"::1 - - [12/Sep/2021:23:30:48 +0000] \"GET /assets/js/app.js HTTP/1.1\" 304 - \"-\" \"Mozilla/5.0 (Macintosh; Intel Mac OS X 10_15_7) AppleWebKit/537.36 (KHTML, like Gecko) Chrome/93.0.4577.63 Safari/537.36\"\n","level":"info"}
{"message":"::1 - - [12/Sep/2021:23:30:48 +0000] \"GET /assets/css/bootstrap-css/bootstrap.min.css.map HTTP/1.1\" 200 646357 \"-\" \"Mozilla/5.0 (Macintosh; Intel Mac OS X 10_15_7) AppleWebKit/537.36 (KHTML, like Gecko) Chrome/93.0.4577.63 Safari/537.36\"\n","level":"info"}
{"message":"::1 - - [12/Sep/2021:23:30:48 +0000] \"GET /assets/js/bootstrap-js/bootstrap.min.js.map HTTP/1.1\" 200 192261 \"-\" \"Mozilla/5.0 (Macintosh; Intel Mac OS X 10_15_7) AppleWebKit/537.36 (KHTML, like Gecko) Chrome/93.0.4577.63 Safari/537.36\"\n","level":"info"}
{"message":"::1 - - [12/Sep/2021:23:30:48 +0000] \"GET /api/transactions/chart/byLocation/day HTTP/1.1\" 304 - \"-\" \"Mozilla/5.0 (Macintosh; Intel Mac OS X 10_15_7) AppleWebKit/537.36 (KHTML, like Gecko) Chrome/93.0.4577.63 Safari/537.36\"\n","level":"info"}
{"message":"::1 - - [12/Sep/2021:23:30:48 +0000] \"GET /api/transactions/getMostRecent HTTP/1.1\" 304 - \"-\" \"Mozilla/5.0 (Macintosh; Intel Mac OS X 10_15_7) AppleWebKit/537.36 (KHTML, like Gecko) Chrome/93.0.4577.63 Safari/537.36\"\n","level":"info"}
{"message":"::1 - - [12/Sep/2021:23:30:50 +0000] \"GET /settings HTTP/1.1\" 200 29080 \"-\" \"Mozilla/5.0 (Macintosh; Intel Mac OS X 10_15_7) AppleWebKit/537.36 (KHTML, like Gecko) Chrome/93.0.4577.63 Safari/537.36\"\n","level":"info"}
{"message":"::1 - - [12/Sep/2021:23:30:50 +0000] \"GET /assets/css/bootstrap-css/bootstrap.min.css HTTP/1.1\" 304 - \"-\" \"Mozilla/5.0 (Macintosh; Intel Mac OS X 10_15_7) AppleWebKit/537.36 (KHTML, like Gecko) Chrome/93.0.4577.63 Safari/537.36\"\n","level":"info"}
{"message":"::1 - - [12/Sep/2021:23:30:50 +0000] \"GET /assets/css/selectize.bootstrap4.css HTTP/1.1\" 304 - \"-\" \"Mozilla/5.0 (Macintosh; Intel Mac OS X 10_15_7) AppleWebKit/537.36 (KHTML, like Gecko) Chrome/93.0.4577.63 Safari/537.36\"\n","level":"info"}
{"message":"::1 - - [12/Sep/2021:23:30:50 +0000] \"GET /assets/css/styles.css HTTP/1.1\" 304 - \"-\" \"Mozilla/5.0 (Macintosh; Intel Mac OS X 10_15_7) AppleWebKit/537.36 (KHTML, like Gecko) Chrome/93.0.4577.63 Safari/537.36\"\n","level":"info"}
{"message":"::1 - - [12/Sep/2021:23:30:50 +0000] \"GET /assets/js/DataTables/datatables.min.css HTTP/1.1\" 304 - \"-\" \"Mozilla/5.0 (Macintosh; Intel Mac OS X 10_15_7) AppleWebKit/537.36 (KHTML, like Gecko) Chrome/93.0.4577.63 Safari/537.36\"\n","level":"info"}
{"message":"::1 - - [12/Sep/2021:23:30:50 +0000] \"GET /assets/css/Chart.min.css HTTP/1.1\" 304 - \"-\" \"Mozilla/5.0 (Macintosh; Intel Mac OS X 10_15_7) AppleWebKit/537.36 (KHTML, like Gecko) Chrome/93.0.4577.63 Safari/537.36\"\n","level":"info"}
{"message":"::1 - - [12/Sep/2021:23:30:50 +0000] \"GET /assets/js/jquery/jquery.js HTTP/1.1\" 304 - \"-\" \"Mozilla/5.0 (Macintosh; Intel Mac OS X 10_15_7) AppleWebKit/537.36 (KHTML, like Gecko) Chrome/93.0.4577.63 Safari/537.36\"\n","level":"info"}
{"message":"::1 - - [12/Sep/2021:23:30:50 +0000] \"GET /assets/js/bootstrap-js/bootstrap.min.js HTTP/1.1\" 304 - \"-\" \"Mozilla/5.0 (Macintosh; Intel Mac OS X 10_15_7) AppleWebKit/537.36 (KHTML, like Gecko) Chrome/93.0.4577.63 Safari/537.36\"\n","level":"info"}
{"message":"::1 - - [12/Sep/2021:23:30:50 +0000] \"GET /assets/js/selectize/selectize.js HTTP/1.1\" 304 - \"-\" \"Mozilla/5.0 (Macintosh; Intel Mac OS X 10_15_7) AppleWebKit/537.36 (KHTML, like Gecko) Chrome/93.0.4577.63 Safari/537.36\"\n","level":"info"}
{"message":"::1 - - [12/Sep/2021:23:30:50 +0000] \"GET /assets/js/moment.js HTTP/1.1\" 304 - \"-\" \"Mozilla/5.0 (Macintosh; Intel Mac OS X 10_15_7) AppleWebKit/537.36 (KHTML, like Gecko) Chrome/93.0.4577.63 Safari/537.36\"\n","level":"info"}
{"message":"::1 - - [12/Sep/2021:23:30:50 +0000] \"GET /assets/js/DataTables2/DataTables-1.10.22/js/jquery.dataTables.min.js HTTP/1.1\" 304 - \"-\" \"Mozilla/5.0 (Macintosh; Intel Mac OS X 10_15_7) AppleWebKit/537.36 (KHTML, like Gecko) Chrome/93.0.4577.63 Safari/537.36\"\n","level":"info"}
{"message":"::1 - - [12/Sep/2021:23:30:50 +0000] \"GET /assets/js/DataTables2/Select-1.3.1/js/dataTables.select.js HTTP/1.1\" 304 - \"-\" \"Mozilla/5.0 (Macintosh; Intel Mac OS X 10_15_7) AppleWebKit/537.36 (KHTML, like Gecko) Chrome/93.0.4577.63 Safari/537.36\"\n","level":"info"}
{"message":"::1 - - [12/Sep/2021:23:30:50 +0000] \"GET /assets/js/settings.js HTTP/1.1\" 304 - \"-\" \"Mozilla/5.0 (Macintosh; Intel Mac OS X 10_15_7) AppleWebKit/537.36 (KHTML, like Gecko) Chrome/93.0.4577.63 Safari/537.36\"\n","level":"info"}
{"message":"::1 - - [12/Sep/2021:23:30:50 +0000] \"GET /assets/js/numeral.min.js HTTP/1.1\" 304 - \"-\" \"Mozilla/5.0 (Macintosh; Intel Mac OS X 10_15_7) AppleWebKit/537.36 (KHTML, like Gecko) Chrome/93.0.4577.63 Safari/537.36\"\n","level":"info"}
{"message":"::1 - - [12/Sep/2021:23:30:50 +0000] \"GET /assets/js/Chart.min.js HTTP/1.1\" 304 - \"-\" \"Mozilla/5.0 (Macintosh; Intel Mac OS X 10_15_7) AppleWebKit/537.36 (KHTML, like Gecko) Chrome/93.0.4577.63 Safari/537.36\"\n","level":"info"}
{"message":"::1 - - [12/Sep/2021:23:30:50 +0000] \"GET /assets/js/app.js HTTP/1.1\" 304 - \"-\" \"Mozilla/5.0 (Macintosh; Intel Mac OS X 10_15_7) AppleWebKit/537.36 (KHTML, like Gecko) Chrome/93.0.4577.63 Safari/537.36\"\n","level":"info"}
{"message":"::1 - - [12/Sep/2021:23:30:50 +0000] \"GET /assets/js/bootstrap-js/bootstrap.min.js.map HTTP/1.1\" 200 192261 \"-\" \"Mozilla/5.0 (Macintosh; Intel Mac OS X 10_15_7) AppleWebKit/537.36 (KHTML, like Gecko) Chrome/93.0.4577.63 Safari/537.36\"\n","level":"info"}
{"message":"::1 - - [12/Sep/2021:23:30:50 +0000] \"GET /assets/css/bootstrap-css/bootstrap.min.css.map HTTP/1.1\" 200 646357 \"-\" \"Mozilla/5.0 (Macintosh; Intel Mac OS X 10_15_7) AppleWebKit/537.36 (KHTML, like Gecko) Chrome/93.0.4577.63 Safari/537.36\"\n","level":"info"}
{"message":"::1 - - [12/Sep/2021:23:30:50 +0000] \"GET /api/getAgents HTTP/1.1\" 304 - \"-\" \"Mozilla/5.0 (Macintosh; Intel Mac OS X 10_15_7) AppleWebKit/537.36 (KHTML, like Gecko) Chrome/93.0.4577.63 Safari/537.36\"\n","level":"info"}
{"message":"::1 - - [12/Sep/2021:23:30:50 +0000] \"GET /api/getLocations HTTP/1.1\" 304 - \"-\" \"Mozilla/5.0 (Macintosh; Intel Mac OS X 10_15_7) AppleWebKit/537.36 (KHTML, like Gecko) Chrome/93.0.4577.63 Safari/537.36\"\n","level":"info"}
{"message":"::1 - - [12/Sep/2021:23:30:50 +0000] \"GET /assets/js/DataTables/DataTables-1.10.21/images/sort_both.png HTTP/1.1\" 304 - \"-\" \"Mozilla/5.0 (Macintosh; Intel Mac OS X 10_15_7) AppleWebKit/537.36 (KHTML, like Gecko) Chrome/93.0.4577.63 Safari/537.36\"\n","level":"info"}
{"message":"::1 - - [12/Sep/2021:23:30:50 +0000] \"GET /assets/js/DataTables/DataTables-1.10.21/images/sort_asc.png HTTP/1.1\" 304 - \"-\" \"Mozilla/5.0 (Macintosh; Intel Mac OS X 10_15_7) AppleWebKit/537.36 (KHTML, like Gecko) Chrome/93.0.4577.63 Safari/537.36\"\n","level":"info"}
{"message":"::1 - - [12/Sep/2021:23:31:00 +0000] \"POST /api/updateUser/fcdeae20-5adb-416c-9b55-b2b484c46111 HTTP/1.1\" 200 28 \"-\" \"Mozilla/5.0 (Macintosh; Intel Mac OS X 10_15_7) AppleWebKit/537.36 (KHTML, like Gecko) Chrome/93.0.4577.63 Safari/537.36\"\n","level":"info"}
{"message":"::1 - - [12/Sep/2021:23:31:13 +0000] \"GET /settings HTTP/1.1\" 304 - \"-\" \"Mozilla/5.0 (Macintosh; Intel Mac OS X 10_15_7) AppleWebKit/537.36 (KHTML, like Gecko) Chrome/93.0.4577.63 Safari/537.36\"\n","level":"info"}
{"message":"::1 - - [12/Sep/2021:23:31:13 +0000] \"GET /assets/css/bootstrap-css/bootstrap.min.css HTTP/1.1\" 304 - \"-\" \"Mozilla/5.0 (Macintosh; Intel Mac OS X 10_15_7) AppleWebKit/537.36 (KHTML, like Gecko) Chrome/93.0.4577.63 Safari/537.36\"\n","level":"info"}
{"message":"::1 - - [12/Sep/2021:23:31:13 +0000] \"GET /assets/css/selectize.bootstrap4.css HTTP/1.1\" 304 - \"-\" \"Mozilla/5.0 (Macintosh; Intel Mac OS X 10_15_7) AppleWebKit/537.36 (KHTML, like Gecko) Chrome/93.0.4577.63 Safari/537.36\"\n","level":"info"}
{"message":"::1 - - [12/Sep/2021:23:31:13 +0000] \"GET /assets/js/DataTables/datatables.min.css HTTP/1.1\" 304 - \"-\" \"Mozilla/5.0 (Macintosh; Intel Mac OS X 10_15_7) AppleWebKit/537.36 (KHTML, like Gecko) Chrome/93.0.4577.63 Safari/537.36\"\n","level":"info"}
{"message":"::1 - - [12/Sep/2021:23:31:13 +0000] \"GET /assets/css/styles.css HTTP/1.1\" 304 - \"-\" \"Mozilla/5.0 (Macintosh; Intel Mac OS X 10_15_7) AppleWebKit/537.36 (KHTML, like Gecko) Chrome/93.0.4577.63 Safari/537.36\"\n","level":"info"}
{"message":"::1 - - [12/Sep/2021:23:31:13 +0000] \"GET /assets/css/Chart.min.css HTTP/1.1\" 304 - \"-\" \"Mozilla/5.0 (Macintosh; Intel Mac OS X 10_15_7) AppleWebKit/537.36 (KHTML, like Gecko) Chrome/93.0.4577.63 Safari/537.36\"\n","level":"info"}
{"message":"::1 - - [12/Sep/2021:23:31:13 +0000] \"GET /assets/js/jquery/jquery.js HTTP/1.1\" 304 - \"-\" \"Mozilla/5.0 (Macintosh; Intel Mac OS X 10_15_7) AppleWebKit/537.36 (KHTML, like Gecko) Chrome/93.0.4577.63 Safari/537.36\"\n","level":"info"}
{"message":"::1 - - [12/Sep/2021:23:31:13 +0000] \"GET /assets/js/bootstrap-js/bootstrap.min.js HTTP/1.1\" 304 - \"-\" \"Mozilla/5.0 (Macintosh; Intel Mac OS X 10_15_7) AppleWebKit/537.36 (KHTML, like Gecko) Chrome/93.0.4577.63 Safari/537.36\"\n","level":"info"}
{"message":"::1 - - [12/Sep/2021:23:31:13 +0000] \"GET /assets/js/selectize/selectize.js HTTP/1.1\" 304 - \"-\" \"Mozilla/5.0 (Macintosh; Intel Mac OS X 10_15_7) AppleWebKit/537.36 (KHTML, like Gecko) Chrome/93.0.4577.63 Safari/537.36\"\n","level":"info"}
{"message":"::1 - - [12/Sep/2021:23:31:13 +0000] \"GET /assets/js/settings.js HTTP/1.1\" 304 - \"-\" \"Mozilla/5.0 (Macintosh; Intel Mac OS X 10_15_7) AppleWebKit/537.36 (KHTML, like Gecko) Chrome/93.0.4577.63 Safari/537.36\"\n","level":"info"}
{"message":"::1 - - [12/Sep/2021:23:31:13 +0000] \"GET /assets/js/moment.js HTTP/1.1\" 304 - \"-\" \"Mozilla/5.0 (Macintosh; Intel Mac OS X 10_15_7) AppleWebKit/537.36 (KHTML, like Gecko) Chrome/93.0.4577.63 Safari/537.36\"\n","level":"info"}
{"message":"::1 - - [12/Sep/2021:23:31:13 +0000] \"GET /assets/js/DataTables2/DataTables-1.10.22/js/jquery.dataTables.min.js HTTP/1.1\" 304 - \"-\" \"Mozilla/5.0 (Macintosh; Intel Mac OS X 10_15_7) AppleWebKit/537.36 (KHTML, like Gecko) Chrome/93.0.4577.63 Safari/537.36\"\n","level":"info"}
{"message":"::1 - - [12/Sep/2021:23:31:13 +0000] \"GET /assets/js/DataTables2/Select-1.3.1/js/dataTables.select.js HTTP/1.1\" 304 - \"-\" \"Mozilla/5.0 (Macintosh; Intel Mac OS X 10_15_7) AppleWebKit/537.36 (KHTML, like Gecko) Chrome/93.0.4577.63 Safari/537.36\"\n","level":"info"}
{"message":"::1 - - [12/Sep/2021:23:31:13 +0000] \"GET /assets/js/numeral.min.js HTTP/1.1\" 304 - \"-\" \"Mozilla/5.0 (Macintosh; Intel Mac OS X 10_15_7) AppleWebKit/537.36 (KHTML, like Gecko) Chrome/93.0.4577.63 Safari/537.36\"\n","level":"info"}
{"message":"::1 - - [12/Sep/2021:23:31:13 +0000] \"GET /assets/js/Chart.min.js HTTP/1.1\" 304 - \"-\" \"Mozilla/5.0 (Macintosh; Intel Mac OS X 10_15_7) AppleWebKit/537.36 (KHTML, like Gecko) Chrome/93.0.4577.63 Safari/537.36\"\n","level":"info"}
{"message":"::1 - - [12/Sep/2021:23:31:13 +0000] \"GET /assets/js/app.js HTTP/1.1\" 304 - \"-\" \"Mozilla/5.0 (Macintosh; Intel Mac OS X 10_15_7) AppleWebKit/537.36 (KHTML, like Gecko) Chrome/93.0.4577.63 Safari/537.36\"\n","level":"info"}
{"message":"::1 - - [12/Sep/2021:23:31:13 +0000] \"GET /assets/css/bootstrap-css/bootstrap.min.css.map HTTP/1.1\" 200 646357 \"-\" \"Mozilla/5.0 (Macintosh; Intel Mac OS X 10_15_7) AppleWebKit/537.36 (KHTML, like Gecko) Chrome/93.0.4577.63 Safari/537.36\"\n","level":"info"}
{"message":"::1 - - [12/Sep/2021:23:31:13 +0000] \"GET /api/getAgents HTTP/1.1\" 200 527 \"-\" \"Mozilla/5.0 (Macintosh; Intel Mac OS X 10_15_7) AppleWebKit/537.36 (KHTML, like Gecko) Chrome/93.0.4577.63 Safari/537.36\"\n","level":"info"}
{"message":"::1 - - [12/Sep/2021:23:31:13 +0000] \"GET /assets/js/bootstrap-js/bootstrap.min.js.map HTTP/1.1\" 200 192261 \"-\" \"Mozilla/5.0 (Macintosh; Intel Mac OS X 10_15_7) AppleWebKit/537.36 (KHTML, like Gecko) Chrome/93.0.4577.63 Safari/537.36\"\n","level":"info"}
{"message":"::1 - - [12/Sep/2021:23:31:13 +0000] \"GET /api/getLocations HTTP/1.1\" 304 - \"-\" \"Mozilla/5.0 (Macintosh; Intel Mac OS X 10_15_7) AppleWebKit/537.36 (KHTML, like Gecko) Chrome/93.0.4577.63 Safari/537.36\"\n","level":"info"}
{"message":"::1 - - [12/Sep/2021:23:31:13 +0000] \"GET /assets/js/DataTables/DataTables-1.10.21/images/sort_both.png HTTP/1.1\" 304 - \"-\" \"Mozilla/5.0 (Macintosh; Intel Mac OS X 10_15_7) AppleWebKit/537.36 (KHTML, like Gecko) Chrome/93.0.4577.63 Safari/537.36\"\n","level":"info"}
{"message":"::1 - - [12/Sep/2021:23:31:13 +0000] \"GET /assets/js/DataTables/DataTables-1.10.21/images/sort_asc.png HTTP/1.1\" 304 - \"-\" \"Mozilla/5.0 (Macintosh; Intel Mac OS X 10_15_7) AppleWebKit/537.36 (KHTML, like Gecko) Chrome/93.0.4577.63 Safari/537.36\"\n","level":"info"}
{"message":"::1 - - [12/Sep/2021:23:31:16 +0000] \"GET /signout HTTP/1.1\" 302 58 \"-\" \"Mozilla/5.0 (Macintosh; Intel Mac OS X 10_15_7) AppleWebKit/537.36 (KHTML, like Gecko) Chrome/93.0.4577.63 Safari/537.36\"\n","level":"info"}
{"message":"::1 - - [12/Sep/2021:23:31:16 +0000] \"GET /signin HTTP/1.1\" 200 3862 \"-\" \"Mozilla/5.0 (Macintosh; Intel Mac OS X 10_15_7) AppleWebKit/537.36 (KHTML, like Gecko) Chrome/93.0.4577.63 Safari/537.36\"\n","level":"info"}
{"message":"::1 - - [12/Sep/2021:23:31:16 +0000] \"GET /assets/css/bootstrap-css/bootstrap.min.css HTTP/1.1\" 304 - \"-\" \"Mozilla/5.0 (Macintosh; Intel Mac OS X 10_15_7) AppleWebKit/537.36 (KHTML, like Gecko) Chrome/93.0.4577.63 Safari/537.36\"\n","level":"info"}
{"message":"::1 - - [12/Sep/2021:23:31:16 +0000] \"GET /assets/css/selectize.bootstrap4.css HTTP/1.1\" 304 - \"-\" \"Mozilla/5.0 (Macintosh; Intel Mac OS X 10_15_7) AppleWebKit/537.36 (KHTML, like Gecko) Chrome/93.0.4577.63 Safari/537.36\"\n","level":"info"}
{"message":"::1 - - [12/Sep/2021:23:31:16 +0000] \"GET /assets/css/styles.css HTTP/1.1\" 304 - \"-\" \"Mozilla/5.0 (Macintosh; Intel Mac OS X 10_15_7) AppleWebKit/537.36 (KHTML, like Gecko) Chrome/93.0.4577.63 Safari/537.36\"\n","level":"info"}
{"message":"::1 - - [12/Sep/2021:23:31:16 +0000] \"GET /assets/js/jquery/jquery.js HTTP/1.1\" 304 - \"-\" \"Mozilla/5.0 (Macintosh; Intel Mac OS X 10_15_7) AppleWebKit/537.36 (KHTML, like Gecko) Chrome/93.0.4577.63 Safari/537.36\"\n","level":"info"}
{"message":"::1 - - [12/Sep/2021:23:31:16 +0000] \"GET /assets/js/bootstrap-js/bootstrap.bundle.min.js HTTP/1.1\" 304 - \"-\" \"Mozilla/5.0 (Macintosh; Intel Mac OS X 10_15_7) AppleWebKit/537.36 (KHTML, like Gecko) Chrome/93.0.4577.63 Safari/537.36\"\n","level":"info"}
{"message":"::1 - - [12/Sep/2021:23:31:16 +0000] \"GET /assets/js/selectize/selectize.js HTTP/1.1\" 304 - \"-\" \"Mozilla/5.0 (Macintosh; Intel Mac OS X 10_15_7) AppleWebKit/537.36 (KHTML, like Gecko) Chrome/93.0.4577.63 Safari/537.36\"\n","level":"info"}
{"message":"::1 - - [12/Sep/2021:23:31:16 +0000] \"GET /assets/js/auth.js HTTP/1.1\" 304 - \"-\" \"Mozilla/5.0 (Macintosh; Intel Mac OS X 10_15_7) AppleWebKit/537.36 (KHTML, like Gecko) Chrome/93.0.4577.63 Safari/537.36\"\n","level":"info"}
{"message":"::1 - - [12/Sep/2021:23:31:16 +0000] \"GET /assets/css/bootstrap-css/bootstrap.min.css.map HTTP/1.1\" 200 646357 \"-\" \"Mozilla/5.0 (Macintosh; Intel Mac OS X 10_15_7) AppleWebKit/537.36 (KHTML, like Gecko) Chrome/93.0.4577.63 Safari/537.36\"\n","level":"info"}
{"message":"::1 - - [12/Sep/2021:23:31:16 +0000] \"GET /assets/js/bootstrap-js/bootstrap.bundle.min.js.map HTTP/1.1\" 200 315990 \"-\" \"Mozilla/5.0 (Macintosh; Intel Mac OS X 10_15_7) AppleWebKit/537.36 (KHTML, like Gecko) Chrome/93.0.4577.63 Safari/537.36\"\n","level":"info"}
{"message":"::1 - - [12/Sep/2021:23:31:24 +0000] \"POST /signin HTTP/1.1\" 200 3952 \"-\" \"Mozilla/5.0 (Macintosh; Intel Mac OS X 10_15_7) AppleWebKit/537.36 (KHTML, like Gecko) Chrome/93.0.4577.63 Safari/537.36\"\n","level":"info"}
{"message":"::1 - - [12/Sep/2021:23:31:24 +0000] \"GET /assets/css/bootstrap-css/bootstrap.min.css HTTP/1.1\" 304 - \"-\" \"Mozilla/5.0 (Macintosh; Intel Mac OS X 10_15_7) AppleWebKit/537.36 (KHTML, like Gecko) Chrome/93.0.4577.63 Safari/537.36\"\n","level":"info"}
{"message":"::1 - - [12/Sep/2021:23:31:24 +0000] \"GET /assets/css/selectize.bootstrap4.css HTTP/1.1\" 304 - \"-\" \"Mozilla/5.0 (Macintosh; Intel Mac OS X 10_15_7) AppleWebKit/537.36 (KHTML, like Gecko) Chrome/93.0.4577.63 Safari/537.36\"\n","level":"info"}
{"message":"::1 - - [12/Sep/2021:23:31:24 +0000] \"GET /assets/js/jquery/jquery.js HTTP/1.1\" 304 - \"-\" \"Mozilla/5.0 (Macintosh; Intel Mac OS X 10_15_7) AppleWebKit/537.36 (KHTML, like Gecko) Chrome/93.0.4577.63 Safari/537.36\"\n","level":"info"}
{"message":"::1 - - [12/Sep/2021:23:31:24 +0000] \"GET /assets/css/styles.css HTTP/1.1\" 304 - \"-\" \"Mozilla/5.0 (Macintosh; Intel Mac OS X 10_15_7) AppleWebKit/537.36 (KHTML, like Gecko) Chrome/93.0.4577.63 Safari/537.36\"\n","level":"info"}
{"message":"::1 - - [12/Sep/2021:23:31:24 +0000] \"GET /assets/js/bootstrap-js/bootstrap.bundle.min.js HTTP/1.1\" 304 - \"-\" \"Mozilla/5.0 (Macintosh; Intel Mac OS X 10_15_7) AppleWebKit/537.36 (KHTML, like Gecko) Chrome/93.0.4577.63 Safari/537.36\"\n","level":"info"}
{"message":"::1 - - [12/Sep/2021:23:31:24 +0000] \"GET /assets/js/selectize/selectize.js HTTP/1.1\" 304 - \"-\" \"Mozilla/5.0 (Macintosh; Intel Mac OS X 10_15_7) AppleWebKit/537.36 (KHTML, like Gecko) Chrome/93.0.4577.63 Safari/537.36\"\n","level":"info"}
{"message":"::1 - - [12/Sep/2021:23:31:24 +0000] \"GET /assets/js/auth.js HTTP/1.1\" 304 - \"-\" \"Mozilla/5.0 (Macintosh; Intel Mac OS X 10_15_7) AppleWebKit/537.36 (KHTML, like Gecko) Chrome/93.0.4577.63 Safari/537.36\"\n","level":"info"}
{"message":"::1 - - [12/Sep/2021:23:31:24 +0000] \"GET /assets/css/bootstrap-css/bootstrap.min.css.map HTTP/1.1\" 200 646357 \"-\" \"Mozilla/5.0 (Macintosh; Intel Mac OS X 10_15_7) AppleWebKit/537.36 (KHTML, like Gecko) Chrome/93.0.4577.63 Safari/537.36\"\n","level":"info"}
{"message":"::1 - - [12/Sep/2021:23:31:24 +0000] \"GET /assets/js/bootstrap-js/bootstrap.bundle.min.js.map HTTP/1.1\" 200 315990 \"-\" \"Mozilla/5.0 (Macintosh; Intel Mac OS X 10_15_7) AppleWebKit/537.36 (KHTML, like Gecko) Chrome/93.0.4577.63 Safari/537.36\"\n","level":"info"}
{"message":"::1 - - [12/Sep/2021:23:31:28 +0000] \"GET /iforgot HTTP/1.1\" 304 - \"-\" \"Mozilla/5.0 (Macintosh; Intel Mac OS X 10_15_7) AppleWebKit/537.36 (KHTML, like Gecko) Chrome/93.0.4577.63 Safari/537.36\"\n","level":"info"}
{"message":"::1 - - [12/Sep/2021:23:31:28 +0000] \"GET /assets/css/bootstrap-css/bootstrap.min.css HTTP/1.1\" 304 - \"-\" \"Mozilla/5.0 (Macintosh; Intel Mac OS X 10_15_7) AppleWebKit/537.36 (KHTML, like Gecko) Chrome/93.0.4577.63 Safari/537.36\"\n","level":"info"}
{"message":"::1 - - [12/Sep/2021:23:31:28 +0000] \"GET /assets/css/selectize.bootstrap4.css HTTP/1.1\" 304 - \"-\" \"Mozilla/5.0 (Macintosh; Intel Mac OS X 10_15_7) AppleWebKit/537.36 (KHTML, like Gecko) Chrome/93.0.4577.63 Safari/537.36\"\n","level":"info"}
{"message":"::1 - - [12/Sep/2021:23:31:28 +0000] \"GET /assets/css/styles.css HTTP/1.1\" 304 - \"-\" \"Mozilla/5.0 (Macintosh; Intel Mac OS X 10_15_7) AppleWebKit/537.36 (KHTML, like Gecko) Chrome/93.0.4577.63 Safari/537.36\"\n","level":"info"}
{"message":"::1 - - [12/Sep/2021:23:31:28 +0000] \"GET /assets/js/jquery/jquery.js HTTP/1.1\" 304 - \"-\" \"Mozilla/5.0 (Macintosh; Intel Mac OS X 10_15_7) AppleWebKit/537.36 (KHTML, like Gecko) Chrome/93.0.4577.63 Safari/537.36\"\n","level":"info"}
{"message":"::1 - - [12/Sep/2021:23:31:28 +0000] \"GET /assets/js/bootstrap-js/bootstrap.bundle.min.js HTTP/1.1\" 304 - \"-\" \"Mozilla/5.0 (Macintosh; Intel Mac OS X 10_15_7) AppleWebKit/537.36 (KHTML, like Gecko) Chrome/93.0.4577.63 Safari/537.36\"\n","level":"info"}
{"message":"::1 - - [12/Sep/2021:23:31:28 +0000] \"GET /assets/js/selectize/selectize.js HTTP/1.1\" 304 - \"-\" \"Mozilla/5.0 (Macintosh; Intel Mac OS X 10_15_7) AppleWebKit/537.36 (KHTML, like Gecko) Chrome/93.0.4577.63 Safari/537.36\"\n","level":"info"}
{"message":"::1 - - [12/Sep/2021:23:31:28 +0000] \"GET /assets/js/auth.js HTTP/1.1\" 304 - \"-\" \"Mozilla/5.0 (Macintosh; Intel Mac OS X 10_15_7) AppleWebKit/537.36 (KHTML, like Gecko) Chrome/93.0.4577.63 Safari/537.36\"\n","level":"info"}
{"message":"::1 - - [12/Sep/2021:23:31:28 +0000] \"GET /assets/css/bootstrap-css/bootstrap.min.css.map HTTP/1.1\" 200 646357 \"-\" \"Mozilla/5.0 (Macintosh; Intel Mac OS X 10_15_7) AppleWebKit/537.36 (KHTML, like Gecko) Chrome/93.0.4577.63 Safari/537.36\"\n","level":"info"}
{"message":"::1 - - [12/Sep/2021:23:31:28 +0000] \"GET /assets/js/bootstrap-js/bootstrap.bundle.min.js.map HTTP/1.1\" 200 315990 \"-\" \"Mozilla/5.0 (Macintosh; Intel Mac OS X 10_15_7) AppleWebKit/537.36 (KHTML, like Gecko) Chrome/93.0.4577.63 Safari/537.36\"\n","level":"info"}
{"message":"::1 - - [12/Sep/2021:23:31:31 +0000] \"POST /iForgot HTTP/1.1\" 200 3762 \"-\" \"Mozilla/5.0 (Macintosh; Intel Mac OS X 10_15_7) AppleWebKit/537.36 (KHTML, like Gecko) Chrome/93.0.4577.63 Safari/537.36\"\n","level":"info"}
{"message":"::1 - - [12/Sep/2021:23:31:31 +0000] \"GET /assets/css/bootstrap-css/bootstrap.min.css HTTP/1.1\" 304 - \"-\" \"Mozilla/5.0 (Macintosh; Intel Mac OS X 10_15_7) AppleWebKit/537.36 (KHTML, like Gecko) Chrome/93.0.4577.63 Safari/537.36\"\n","level":"info"}
{"message":"::1 - - [12/Sep/2021:23:31:31 +0000] \"GET /assets/css/selectize.bootstrap4.css HTTP/1.1\" 304 - \"-\" \"Mozilla/5.0 (Macintosh; Intel Mac OS X 10_15_7) AppleWebKit/537.36 (KHTML, like Gecko) Chrome/93.0.4577.63 Safari/537.36\"\n","level":"info"}
{"message":"::1 - - [12/Sep/2021:23:31:31 +0000] \"GET /assets/css/styles.css HTTP/1.1\" 304 - \"-\" \"Mozilla/5.0 (Macintosh; Intel Mac OS X 10_15_7) AppleWebKit/537.36 (KHTML, like Gecko) Chrome/93.0.4577.63 Safari/537.36\"\n","level":"info"}
{"message":"::1 - - [12/Sep/2021:23:31:31 +0000] \"GET /assets/js/jquery/jquery.js HTTP/1.1\" 304 - \"-\" \"Mozilla/5.0 (Macintosh; Intel Mac OS X 10_15_7) AppleWebKit/537.36 (KHTML, like Gecko) Chrome/93.0.4577.63 Safari/537.36\"\n","level":"info"}
{"message":"::1 - - [12/Sep/2021:23:31:31 +0000] \"GET /assets/js/bootstrap-js/bootstrap.bundle.min.js HTTP/1.1\" 304 - \"-\" \"Mozilla/5.0 (Macintosh; Intel Mac OS X 10_15_7) AppleWebKit/537.36 (KHTML, like Gecko) Chrome/93.0.4577.63 Safari/537.36\"\n","level":"info"}
{"message":"::1 - - [12/Sep/2021:23:31:31 +0000] \"GET /assets/js/selectize/selectize.js HTTP/1.1\" 304 - \"-\" \"Mozilla/5.0 (Macintosh; Intel Mac OS X 10_15_7) AppleWebKit/537.36 (KHTML, like Gecko) Chrome/93.0.4577.63 Safari/537.36\"\n","level":"info"}
{"message":"::1 - - [12/Sep/2021:23:31:31 +0000] \"GET /assets/js/auth.js HTTP/1.1\" 304 - \"-\" \"Mozilla/5.0 (Macintosh; Intel Mac OS X 10_15_7) AppleWebKit/537.36 (KHTML, like Gecko) Chrome/93.0.4577.63 Safari/537.36\"\n","level":"info"}
{"message":"::1 - - [12/Sep/2021:23:31:31 +0000] \"GET /assets/css/bootstrap-css/bootstrap.min.css.map HTTP/1.1\" 200 646357 \"-\" \"Mozilla/5.0 (Macintosh; Intel Mac OS X 10_15_7) AppleWebKit/537.36 (KHTML, like Gecko) Chrome/93.0.4577.63 Safari/537.36\"\n","level":"info"}
{"message":"::1 - - [12/Sep/2021:23:31:31 +0000] \"GET /assets/js/bootstrap-js/bootstrap.bundle.min.js.map HTTP/1.1\" 200 315990 \"-\" \"Mozilla/5.0 (Macintosh; Intel Mac OS X 10_15_7) AppleWebKit/537.36 (KHTML, like Gecko) Chrome/93.0.4577.63 Safari/537.36\"\n","level":"info"}
{"message":"::1 - - [12/Sep/2021:23:32:10 +0000] \"GET /passwordreset/48d57738df92248289647516c7cd1838b9cafd2f HTTP/1.1\" 200 3913 \"-\" \"Mozilla/5.0 (Macintosh; Intel Mac OS X 10_15_7) AppleWebKit/537.36 (KHTML, like Gecko) Chrome/93.0.4577.63 Safari/537.36\"\n","level":"info"}
{"message":"::1 - - [12/Sep/2021:23:32:10 +0000] \"GET /assets/css/bootstrap-css/bootstrap.min.css HTTP/1.1\" 304 - \"-\" \"Mozilla/5.0 (Macintosh; Intel Mac OS X 10_15_7) AppleWebKit/537.36 (KHTML, like Gecko) Chrome/93.0.4577.63 Safari/537.36\"\n","level":"info"}
{"message":"::1 - - [12/Sep/2021:23:32:10 +0000] \"GET /assets/css/selectize.bootstrap4.css HTTP/1.1\" 304 - \"-\" \"Mozilla/5.0 (Macintosh; Intel Mac OS X 10_15_7) AppleWebKit/537.36 (KHTML, like Gecko) Chrome/93.0.4577.63 Safari/537.36\"\n","level":"info"}
{"message":"::1 - - [12/Sep/2021:23:32:10 +0000] \"GET /assets/css/styles.css HTTP/1.1\" 304 - \"-\" \"Mozilla/5.0 (Macintosh; Intel Mac OS X 10_15_7) AppleWebKit/537.36 (KHTML, like Gecko) Chrome/93.0.4577.63 Safari/537.36\"\n","level":"info"}
{"message":"::1 - - [12/Sep/2021:23:32:10 +0000] \"GET /assets/js/jquery/jquery.js HTTP/1.1\" 304 - \"-\" \"Mozilla/5.0 (Macintosh; Intel Mac OS X 10_15_7) AppleWebKit/537.36 (KHTML, like Gecko) Chrome/93.0.4577.63 Safari/537.36\"\n","level":"info"}
{"message":"::1 - - [12/Sep/2021:23:32:10 +0000] \"GET /assets/js/bootstrap-js/bootstrap.bundle.min.js HTTP/1.1\" 304 - \"-\" \"Mozilla/5.0 (Macintosh; Intel Mac OS X 10_15_7) AppleWebKit/537.36 (KHTML, like Gecko) Chrome/93.0.4577.63 Safari/537.36\"\n","level":"info"}
{"message":"::1 - - [12/Sep/2021:23:32:10 +0000] \"GET /assets/js/selectize/selectize.js HTTP/1.1\" 304 - \"-\" \"Mozilla/5.0 (Macintosh; Intel Mac OS X 10_15_7) AppleWebKit/537.36 (KHTML, like Gecko) Chrome/93.0.4577.63 Safari/537.36\"\n","level":"info"}
{"message":"::1 - - [12/Sep/2021:23:32:10 +0000] \"GET /assets/js/auth.js HTTP/1.1\" 304 - \"-\" \"Mozilla/5.0 (Macintosh; Intel Mac OS X 10_15_7) AppleWebKit/537.36 (KHTML, like Gecko) Chrome/93.0.4577.63 Safari/537.36\"\n","level":"info"}
{"message":"::1 - - [12/Sep/2021:23:32:15 +0000] \"POST /passwordReset/48d57738df92248289647516c7cd1838b9cafd2f HTTP/1.1\" 302 58 \"-\" \"Mozilla/5.0 (Macintosh; Intel Mac OS X 10_15_7) AppleWebKit/537.36 (KHTML, like Gecko) Chrome/93.0.4577.63 Safari/537.36\"\n","level":"info"}
{"message":"::1 - - [12/Sep/2021:23:32:15 +0000] \"GET /signin HTTP/1.1\" 200 3862 \"-\" \"Mozilla/5.0 (Macintosh; Intel Mac OS X 10_15_7) AppleWebKit/537.36 (KHTML, like Gecko) Chrome/93.0.4577.63 Safari/537.36\"\n","level":"info"}
{"message":"::1 - - [12/Sep/2021:23:32:16 +0000] \"GET /assets/css/bootstrap-css/bootstrap.min.css HTTP/1.1\" 304 - \"-\" \"Mozilla/5.0 (Macintosh; Intel Mac OS X 10_15_7) AppleWebKit/537.36 (KHTML, like Gecko) Chrome/93.0.4577.63 Safari/537.36\"\n","level":"info"}
{"message":"::1 - - [12/Sep/2021:23:32:16 +0000] \"GET /assets/css/selectize.bootstrap4.css HTTP/1.1\" 304 - \"-\" \"Mozilla/5.0 (Macintosh; Intel Mac OS X 10_15_7) AppleWebKit/537.36 (KHTML, like Gecko) Chrome/93.0.4577.63 Safari/537.36\"\n","level":"info"}
{"message":"::1 - - [12/Sep/2021:23:32:16 +0000] \"GET /assets/css/styles.css HTTP/1.1\" 304 - \"-\" \"Mozilla/5.0 (Macintosh; Intel Mac OS X 10_15_7) AppleWebKit/537.36 (KHTML, like Gecko) Chrome/93.0.4577.63 Safari/537.36\"\n","level":"info"}
{"message":"::1 - - [12/Sep/2021:23:32:16 +0000] \"GET /assets/js/jquery/jquery.js HTTP/1.1\" 304 - \"-\" \"Mozilla/5.0 (Macintosh; Intel Mac OS X 10_15_7) AppleWebKit/537.36 (KHTML, like Gecko) Chrome/93.0.4577.63 Safari/537.36\"\n","level":"info"}
{"message":"::1 - - [12/Sep/2021:23:32:16 +0000] \"GET /assets/js/bootstrap-js/bootstrap.bundle.min.js HTTP/1.1\" 304 - \"-\" \"Mozilla/5.0 (Macintosh; Intel Mac OS X 10_15_7) AppleWebKit/537.36 (KHTML, like Gecko) Chrome/93.0.4577.63 Safari/537.36\"\n","level":"info"}
{"message":"::1 - - [12/Sep/2021:23:32:16 +0000] \"GET /assets/js/selectize/selectize.js HTTP/1.1\" 304 - \"-\" \"Mozilla/5.0 (Macintosh; Intel Mac OS X 10_15_7) AppleWebKit/537.36 (KHTML, like Gecko) Chrome/93.0.4577.63 Safari/537.36\"\n","level":"info"}
{"message":"::1 - - [12/Sep/2021:23:32:16 +0000] \"GET /assets/js/auth.js HTTP/1.1\" 304 - \"-\" \"Mozilla/5.0 (Macintosh; Intel Mac OS X 10_15_7) AppleWebKit/537.36 (KHTML, like Gecko) Chrome/93.0.4577.63 Safari/537.36\"\n","level":"info"}
{"message":"::1 - - [12/Sep/2021:23:32:25 +0000] \"POST /signin HTTP/1.1\" 302 46 \"-\" \"Mozilla/5.0 (Macintosh; Intel Mac OS X 10_15_7) AppleWebKit/537.36 (KHTML, like Gecko) Chrome/93.0.4577.63 Safari/537.36\"\n","level":"info"}
{"message":"::1 - - [12/Sep/2021:23:32:25 +0000] \"GET / HTTP/1.1\" 304 - \"-\" \"Mozilla/5.0 (Macintosh; Intel Mac OS X 10_15_7) AppleWebKit/537.36 (KHTML, like Gecko) Chrome/93.0.4577.63 Safari/537.36\"\n","level":"info"}
{"message":"::1 - - [12/Sep/2021:23:32:25 +0000] \"GET /assets/css/bootstrap-css/bootstrap.min.css HTTP/1.1\" 304 - \"-\" \"Mozilla/5.0 (Macintosh; Intel Mac OS X 10_15_7) AppleWebKit/537.36 (KHTML, like Gecko) Chrome/93.0.4577.63 Safari/537.36\"\n","level":"info"}
{"message":"::1 - - [12/Sep/2021:23:32:25 +0000] \"GET /assets/css/selectize.bootstrap4.css HTTP/1.1\" 304 - \"-\" \"Mozilla/5.0 (Macintosh; Intel Mac OS X 10_15_7) AppleWebKit/537.36 (KHTML, like Gecko) Chrome/93.0.4577.63 Safari/537.36\"\n","level":"info"}
{"message":"::1 - - [12/Sep/2021:23:32:25 +0000] \"GET /assets/css/styles.css HTTP/1.1\" 304 - \"-\" \"Mozilla/5.0 (Macintosh; Intel Mac OS X 10_15_7) AppleWebKit/537.36 (KHTML, like Gecko) Chrome/93.0.4577.63 Safari/537.36\"\n","level":"info"}
{"message":"::1 - - [12/Sep/2021:23:32:25 +0000] \"GET /assets/css/Chart.min.css HTTP/1.1\" 304 - \"-\" \"Mozilla/5.0 (Macintosh; Intel Mac OS X 10_15_7) AppleWebKit/537.36 (KHTML, like Gecko) Chrome/93.0.4577.63 Safari/537.36\"\n","level":"info"}
{"message":"::1 - - [12/Sep/2021:23:32:25 +0000] \"GET /assets/js/DataTables/datatables.min.css HTTP/1.1\" 304 - \"-\" \"Mozilla/5.0 (Macintosh; Intel Mac OS X 10_15_7) AppleWebKit/537.36 (KHTML, like Gecko) Chrome/93.0.4577.63 Safari/537.36\"\n","level":"info"}
{"message":"::1 - - [12/Sep/2021:23:32:25 +0000] \"GET /assets/js/jquery/jquery.js HTTP/1.1\" 304 - \"-\" \"Mozilla/5.0 (Macintosh; Intel Mac OS X 10_15_7) AppleWebKit/537.36 (KHTML, like Gecko) Chrome/93.0.4577.63 Safari/537.36\"\n","level":"info"}
{"message":"::1 - - [12/Sep/2021:23:32:25 +0000] \"GET /assets/js/bootstrap-js/bootstrap.min.js HTTP/1.1\" 304 - \"-\" \"Mozilla/5.0 (Macintosh; Intel Mac OS X 10_15_7) AppleWebKit/537.36 (KHTML, like Gecko) Chrome/93.0.4577.63 Safari/537.36\"\n","level":"info"}
{"message":"::1 - - [12/Sep/2021:23:32:25 +0000] \"GET /assets/js/selectize/selectize.js HTTP/1.1\" 304 - \"-\" \"Mozilla/5.0 (Macintosh; Intel Mac OS X 10_15_7) AppleWebKit/537.36 (KHTML, like Gecko) Chrome/93.0.4577.63 Safari/537.36\"\n","level":"info"}
{"message":"::1 - - [12/Sep/2021:23:32:25 +0000] \"GET /assets/js/moment.js HTTP/1.1\" 304 - \"-\" \"Mozilla/5.0 (Macintosh; Intel Mac OS X 10_15_7) AppleWebKit/537.36 (KHTML, like Gecko) Chrome/93.0.4577.63 Safari/537.36\"\n","level":"info"}
{"message":"::1 - - [12/Sep/2021:23:32:25 +0000] \"GET /assets/js/DataTables2/DataTables-1.10.22/js/jquery.dataTables.min.js HTTP/1.1\" 304 - \"-\" \"Mozilla/5.0 (Macintosh; Intel Mac OS X 10_15_7) AppleWebKit/537.36 (KHTML, like Gecko) Chrome/93.0.4577.63 Safari/537.36\"\n","level":"info"}
{"message":"::1 - - [12/Sep/2021:23:32:25 +0000] \"GET /assets/js/DataTables2/Select-1.3.1/js/dataTables.select.js HTTP/1.1\" 304 - \"-\" \"Mozilla/5.0 (Macintosh; Intel Mac OS X 10_15_7) AppleWebKit/537.36 (KHTML, like Gecko) Chrome/93.0.4577.63 Safari/537.36\"\n","level":"info"}
{"message":"::1 - - [12/Sep/2021:23:32:25 +0000] \"GET /assets/js/home.js HTTP/1.1\" 304 - \"-\" \"Mozilla/5.0 (Macintosh; Intel Mac OS X 10_15_7) AppleWebKit/537.36 (KHTML, like Gecko) Chrome/93.0.4577.63 Safari/537.36\"\n","level":"info"}
{"message":"::1 - - [12/Sep/2021:23:32:25 +0000] \"GET /assets/js/numeral.min.js HTTP/1.1\" 304 - \"-\" \"Mozilla/5.0 (Macintosh; Intel Mac OS X 10_15_7) AppleWebKit/537.36 (KHTML, like Gecko) Chrome/93.0.4577.63 Safari/537.36\"\n","level":"info"}
{"message":"::1 - - [12/Sep/2021:23:32:25 +0000] \"GET /assets/js/Chart.min.js HTTP/1.1\" 304 - \"-\" \"Mozilla/5.0 (Macintosh; Intel Mac OS X 10_15_7) AppleWebKit/537.36 (KHTML, like Gecko) Chrome/93.0.4577.63 Safari/537.36\"\n","level":"info"}
{"message":"::1 - - [12/Sep/2021:23:32:25 +0000] \"GET /assets/js/app.js HTTP/1.1\" 304 - \"-\" \"Mozilla/5.0 (Macintosh; Intel Mac OS X 10_15_7) AppleWebKit/537.36 (KHTML, like Gecko) Chrome/93.0.4577.63 Safari/537.36\"\n","level":"info"}
{"message":"::1 - - [12/Sep/2021:23:32:25 +0000] \"GET /api/transactions/getMostRecent HTTP/1.1\" 304 - \"-\" \"Mozilla/5.0 (Macintosh; Intel Mac OS X 10_15_7) AppleWebKit/537.36 (KHTML, like Gecko) Chrome/93.0.4577.63 Safari/537.36\"\n","level":"info"}
{"message":"::1 - - [12/Sep/2021:23:32:25 +0000] \"GET /api/transactions/chart/byLocation/day HTTP/1.1\" 304 - \"-\" \"Mozilla/5.0 (Macintosh; Intel Mac OS X 10_15_7) AppleWebKit/537.36 (KHTML, like Gecko) Chrome/93.0.4577.63 Safari/537.36\"\n","level":"info"}
{"message":"::1 - - [12/Sep/2021:23:32:31 +0000] \"GET /transaction/locations HTTP/1.1\" 200 6603 \"-\" \"Mozilla/5.0 (Macintosh; Intel Mac OS X 10_15_7) AppleWebKit/537.36 (KHTML, like Gecko) Chrome/93.0.4577.63 Safari/537.36\"\n","level":"info"}
{"message":"::1 - - [12/Sep/2021:23:32:31 +0000] \"GET /assets/css/bootstrap-css/bootstrap.min.css HTTP/1.1\" 304 - \"-\" \"Mozilla/5.0 (Macintosh; Intel Mac OS X 10_15_7) AppleWebKit/537.36 (KHTML, like Gecko) Chrome/93.0.4577.63 Safari/537.36\"\n","level":"info"}
{"message":"::1 - - [12/Sep/2021:23:32:31 +0000] \"GET /assets/css/selectize.bootstrap4.css HTTP/1.1\" 304 - \"-\" \"Mozilla/5.0 (Macintosh; Intel Mac OS X 10_15_7) AppleWebKit/537.36 (KHTML, like Gecko) Chrome/93.0.4577.63 Safari/537.36\"\n","level":"info"}
{"message":"::1 - - [12/Sep/2021:23:32:31 +0000] \"GET /assets/css/styles.css HTTP/1.1\" 304 - \"-\" \"Mozilla/5.0 (Macintosh; Intel Mac OS X 10_15_7) AppleWebKit/537.36 (KHTML, like Gecko) Chrome/93.0.4577.63 Safari/537.36\"\n","level":"info"}
{"message":"::1 - - [12/Sep/2021:23:32:31 +0000] \"GET /assets/js/DataTables/datatables.min.css HTTP/1.1\" 304 - \"-\" \"Mozilla/5.0 (Macintosh; Intel Mac OS X 10_15_7) AppleWebKit/537.36 (KHTML, like Gecko) Chrome/93.0.4577.63 Safari/537.36\"\n","level":"info"}
{"message":"::1 - - [12/Sep/2021:23:32:31 +0000] \"GET /assets/css/Chart.min.css HTTP/1.1\" 304 - \"-\" \"Mozilla/5.0 (Macintosh; Intel Mac OS X 10_15_7) AppleWebKit/537.36 (KHTML, like Gecko) Chrome/93.0.4577.63 Safari/537.36\"\n","level":"info"}
{"message":"::1 - - [12/Sep/2021:23:32:31 +0000] \"GET /assets/js/jquery/jquery.js HTTP/1.1\" 304 - \"-\" \"Mozilla/5.0 (Macintosh; Intel Mac OS X 10_15_7) AppleWebKit/537.36 (KHTML, like Gecko) Chrome/93.0.4577.63 Safari/537.36\"\n","level":"info"}
{"message":"::1 - - [12/Sep/2021:23:32:31 +0000] \"GET /assets/js/bootstrap-js/bootstrap.min.js HTTP/1.1\" 304 - \"-\" \"Mozilla/5.0 (Macintosh; Intel Mac OS X 10_15_7) AppleWebKit/537.36 (KHTML, like Gecko) Chrome/93.0.4577.63 Safari/537.36\"\n","level":"info"}
{"message":"::1 - - [12/Sep/2021:23:32:31 +0000] \"GET /assets/js/selectize/selectize.js HTTP/1.1\" 304 - \"-\" \"Mozilla/5.0 (Macintosh; Intel Mac OS X 10_15_7) AppleWebKit/537.36 (KHTML, like Gecko) Chrome/93.0.4577.63 Safari/537.36\"\n","level":"info"}
{"message":"::1 - - [12/Sep/2021:23:32:31 +0000] \"GET /assets/js/moment.js HTTP/1.1\" 304 - \"-\" \"Mozilla/5.0 (Macintosh; Intel Mac OS X 10_15_7) AppleWebKit/537.36 (KHTML, like Gecko) Chrome/93.0.4577.63 Safari/537.36\"\n","level":"info"}
{"message":"::1 - - [12/Sep/2021:23:32:31 +0000] \"GET /assets/js/DataTables2/DataTables-1.10.22/js/jquery.dataTables.min.js HTTP/1.1\" 304 - \"-\" \"Mozilla/5.0 (Macintosh; Intel Mac OS X 10_15_7) AppleWebKit/537.36 (KHTML, like Gecko) Chrome/93.0.4577.63 Safari/537.36\"\n","level":"info"}
{"message":"::1 - - [12/Sep/2021:23:32:31 +0000] \"GET /assets/js/DataTables2/Select-1.3.1/js/dataTables.select.js HTTP/1.1\" 304 - \"-\" \"Mozilla/5.0 (Macintosh; Intel Mac OS X 10_15_7) AppleWebKit/537.36 (KHTML, like Gecko) Chrome/93.0.4577.63 Safari/537.36\"\n","level":"info"}
{"message":"::1 - - [12/Sep/2021:23:32:31 +0000] \"GET /assets/js/transactions.js HTTP/1.1\" 304 - \"-\" \"Mozilla/5.0 (Macintosh; Intel Mac OS X 10_15_7) AppleWebKit/537.36 (KHTML, like Gecko) Chrome/93.0.4577.63 Safari/537.36\"\n","level":"info"}
{"message":"::1 - - [12/Sep/2021:23:32:31 +0000] \"GET /assets/js/numeral.min.js HTTP/1.1\" 304 - \"-\" \"Mozilla/5.0 (Macintosh; Intel Mac OS X 10_15_7) AppleWebKit/537.36 (KHTML, like Gecko) Chrome/93.0.4577.63 Safari/537.36\"\n","level":"info"}
{"message":"::1 - - [12/Sep/2021:23:32:31 +0000] \"GET /assets/js/Chart.min.js HTTP/1.1\" 304 - \"-\" \"Mozilla/5.0 (Macintosh; Intel Mac OS X 10_15_7) AppleWebKit/537.36 (KHTML, like Gecko) Chrome/93.0.4577.63 Safari/537.36\"\n","level":"info"}
{"message":"::1 - - [12/Sep/2021:23:32:31 +0000] \"GET /assets/js/app.js HTTP/1.1\" 304 - \"-\" \"Mozilla/5.0 (Macintosh; Intel Mac OS X 10_15_7) AppleWebKit/537.36 (KHTML, like Gecko) Chrome/93.0.4577.63 Safari/537.36\"\n","level":"info"}
{"message":"::1 - - [12/Sep/2021:23:32:31 +0000] \"GET /api/getLocations HTTP/1.1\" 200 408 \"-\" \"Mozilla/5.0 (Macintosh; Intel Mac OS X 10_15_7) AppleWebKit/537.36 (KHTML, like Gecko) Chrome/93.0.4577.63 Safari/537.36\"\n","level":"info"}
{"message":"::1 - - [12/Sep/2021:23:32:35 +0000] \"GET /api/transaction/getTransactions/12292/Day HTTP/1.1\" 304 - \"-\" \"Mozilla/5.0 (Macintosh; Intel Mac OS X 10_15_7) AppleWebKit/537.36 (KHTML, like Gecko) Chrome/93.0.4577.63 Safari/537.36\"\n","level":"info"}
{"message":"::1 - - [12/Sep/2021:23:32:35 +0000] \"GET /assets/js/DataTables/DataTables-1.10.21/images/sort_both.png HTTP/1.1\" 304 - \"-\" \"Mozilla/5.0 (Macintosh; Intel Mac OS X 10_15_7) AppleWebKit/537.36 (KHTML, like Gecko) Chrome/93.0.4577.63 Safari/537.36\"\n","level":"info"}
{"message":"::1 - - [12/Sep/2021:23:32:35 +0000] \"GET /assets/js/DataTables/DataTables-1.10.21/images/sort_desc.png HTTP/1.1\" 304 - \"-\" \"Mozilla/5.0 (Macintosh; Intel Mac OS X 10_15_7) AppleWebKit/537.36 (KHTML, like Gecko) Chrome/93.0.4577.63 Safari/537.36\"\n","level":"info"}
{"message":"::1 - - [12/Sep/2021:23:33:08 +0000] \"GET /api/transaction/getTransactions/12292/Week HTTP/1.1\" 304 - \"-\" \"Mozilla/5.0 (Macintosh; Intel Mac OS X 10_15_7) AppleWebKit/537.36 (KHTML, like Gecko) Chrome/93.0.4577.63 Safari/537.36\"\n","level":"info"}
{"message":"::1 - - [12/Sep/2021:23:33:12 +0000] \"GET /api/transaction/getTransactions/12292/Day HTTP/1.1\" 304 - \"-\" \"Mozilla/5.0 (Macintosh; Intel Mac OS X 10_15_7) AppleWebKit/537.36 (KHTML, like Gecko) Chrome/93.0.4577.63 Safari/537.36\"\n","level":"info"}
{"message":"::1 - - [12/Sep/2021:23:33:23 +0000] \"GET /transaction/library HTTP/1.1\" 304 - \"-\" \"Mozilla/5.0 (Macintosh; Intel Mac OS X 10_15_7) AppleWebKit/537.36 (KHTML, like Gecko) Chrome/93.0.4577.63 Safari/537.36\"\n","level":"info"}
{"message":"::1 - - [12/Sep/2021:23:33:24 +0000] \"GET /assets/css/bootstrap-css/bootstrap.min.css HTTP/1.1\" 304 - \"-\" \"Mozilla/5.0 (Macintosh; Intel Mac OS X 10_15_7) AppleWebKit/537.36 (KHTML, like Gecko) Chrome/93.0.4577.63 Safari/537.36\"\n","level":"info"}
{"message":"::1 - - [12/Sep/2021:23:33:24 +0000] \"GET /assets/css/selectize.bootstrap4.css HTTP/1.1\" 304 - \"-\" \"Mozilla/5.0 (Macintosh; Intel Mac OS X 10_15_7) AppleWebKit/537.36 (KHTML, like Gecko) Chrome/93.0.4577.63 Safari/537.36\"\n","level":"info"}
{"message":"::1 - - [12/Sep/2021:23:33:24 +0000] \"GET /assets/css/styles.css HTTP/1.1\" 304 - \"-\" \"Mozilla/5.0 (Macintosh; Intel Mac OS X 10_15_7) AppleWebKit/537.36 (KHTML, like Gecko) Chrome/93.0.4577.63 Safari/537.36\"\n","level":"info"}
{"message":"::1 - - [12/Sep/2021:23:33:24 +0000] \"GET /assets/js/DataTables/datatables.min.css HTTP/1.1\" 304 - \"-\" \"Mozilla/5.0 (Macintosh; Intel Mac OS X 10_15_7) AppleWebKit/537.36 (KHTML, like Gecko) Chrome/93.0.4577.63 Safari/537.36\"\n","level":"info"}
{"message":"::1 - - [12/Sep/2021:23:33:24 +0000] \"GET /assets/css/Chart.min.css HTTP/1.1\" 304 - \"-\" \"Mozilla/5.0 (Macintosh; Intel Mac OS X 10_15_7) AppleWebKit/537.36 (KHTML, like Gecko) Chrome/93.0.4577.63 Safari/537.36\"\n","level":"info"}
{"message":"::1 - - [12/Sep/2021:23:33:24 +0000] \"GET /assets/js/jquery/jquery.js HTTP/1.1\" 304 - \"-\" \"Mozilla/5.0 (Macintosh; Intel Mac OS X 10_15_7) AppleWebKit/537.36 (KHTML, like Gecko) Chrome/93.0.4577.63 Safari/537.36\"\n","level":"info"}
{"message":"::1 - - [12/Sep/2021:23:33:24 +0000] \"GET /assets/js/bootstrap-js/bootstrap.min.js HTTP/1.1\" 304 - \"-\" \"Mozilla/5.0 (Macintosh; Intel Mac OS X 10_15_7) AppleWebKit/537.36 (KHTML, like Gecko) Chrome/93.0.4577.63 Safari/537.36\"\n","level":"info"}
{"message":"::1 - - [12/Sep/2021:23:33:24 +0000] \"GET /assets/js/moment.js HTTP/1.1\" 304 - \"-\" \"Mozilla/5.0 (Macintosh; Intel Mac OS X 10_15_7) AppleWebKit/537.36 (KHTML, like Gecko) Chrome/93.0.4577.63 Safari/537.36\"\n","level":"info"}
{"message":"::1 - - [12/Sep/2021:23:33:24 +0000] \"GET /assets/js/selectize/selectize.js HTTP/1.1\" 304 - \"-\" \"Mozilla/5.0 (Macintosh; Intel Mac OS X 10_15_7) AppleWebKit/537.36 (KHTML, like Gecko) Chrome/93.0.4577.63 Safari/537.36\"\n","level":"info"}
{"message":"::1 - - [12/Sep/2021:23:33:24 +0000] \"GET /assets/js/DataTables2/DataTables-1.10.22/js/jquery.dataTables.min.js HTTP/1.1\" 304 - \"-\" \"Mozilla/5.0 (Macintosh; Intel Mac OS X 10_15_7) AppleWebKit/537.36 (KHTML, like Gecko) Chrome/93.0.4577.63 Safari/537.36\"\n","level":"info"}
{"message":"::1 - - [12/Sep/2021:23:33:24 +0000] \"GET /assets/js/DataTables2/Select-1.3.1/js/dataTables.select.js HTTP/1.1\" 304 - \"-\" \"Mozilla/5.0 (Macintosh; Intel Mac OS X 10_15_7) AppleWebKit/537.36 (KHTML, like Gecko) Chrome/93.0.4577.63 Safari/537.36\"\n","level":"info"}
{"message":"::1 - - [12/Sep/2021:23:33:24 +0000] \"GET /assets/js/transactionLibrary.js HTTP/1.1\" 304 - \"-\" \"Mozilla/5.0 (Macintosh; Intel Mac OS X 10_15_7) AppleWebKit/537.36 (KHTML, like Gecko) Chrome/93.0.4577.63 Safari/537.36\"\n","level":"info"}
{"message":"::1 - - [12/Sep/2021:23:33:24 +0000] \"GET /assets/js/numeral.min.js HTTP/1.1\" 304 - \"-\" \"Mozilla/5.0 (Macintosh; Intel Mac OS X 10_15_7) AppleWebKit/537.36 (KHTML, like Gecko) Chrome/93.0.4577.63 Safari/537.36\"\n","level":"info"}
{"message":"::1 - - [12/Sep/2021:23:33:24 +0000] \"GET /assets/js/Chart.min.js HTTP/1.1\" 304 - \"-\" \"Mozilla/5.0 (Macintosh; Intel Mac OS X 10_15_7) AppleWebKit/537.36 (KHTML, like Gecko) Chrome/93.0.4577.63 Safari/537.36\"\n","level":"info"}
{"message":"::1 - - [12/Sep/2021:23:33:24 +0000] \"GET /assets/js/app.js HTTP/1.1\" 304 - \"-\" \"Mozilla/5.0 (Macintosh; Intel Mac OS X 10_15_7) AppleWebKit/537.36 (KHTML, like Gecko) Chrome/93.0.4577.63 Safari/537.36\"\n","level":"info"}
{"message":"::1 - - [12/Sep/2021:23:33:27 +0000] \"GET /api/transaction/getDistinct/transactionUID HTTP/1.1\" 200 2 \"-\" \"Mozilla/5.0 (Macintosh; Intel Mac OS X 10_15_7) AppleWebKit/537.36 (KHTML, like Gecko) Chrome/93.0.4577.63 Safari/537.36\"\n","level":"info"}
{"message":"::1 - - [12/Sep/2021:23:33:34 +0000] \"GET /assets/css/bootstrap-css/bootstrap.min.css HTTP/1.1\" 304 - \"-\" \"Mozilla/5.0 (Macintosh; Intel Mac OS X 10_15_7) AppleWebKit/537.36 (KHTML, like Gecko) Chrome/93.0.4577.63 Safari/537.36\"\n","level":"info"}
{"message":"::1 - - [12/Sep/2021:23:33:34 +0000] \"GET /assets/css/selectize.bootstrap4.css HTTP/1.1\" 304 - \"-\" \"Mozilla/5.0 (Macintosh; Intel Mac OS X 10_15_7) AppleWebKit/537.36 (KHTML, like Gecko) Chrome/93.0.4577.63 Safari/537.36\"\n","level":"info"}
{"message":"::1 - - [12/Sep/2021:23:33:34 +0000] \"GET /assets/css/styles.css HTTP/1.1\" 304 - \"-\" \"Mozilla/5.0 (Macintosh; Intel Mac OS X 10_15_7) AppleWebKit/537.36 (KHTML, like Gecko) Chrome/93.0.4577.63 Safari/537.36\"\n","level":"info"}
{"message":"::1 - - [12/Sep/2021:23:33:34 +0000] \"GET /assets/js/DataTables/datatables.min.css HTTP/1.1\" 304 - \"-\" \"Mozilla/5.0 (Macintosh; Intel Mac OS X 10_15_7) AppleWebKit/537.36 (KHTML, like Gecko) Chrome/93.0.4577.63 Safari/537.36\"\n","level":"info"}
{"message":"::1 - - [12/Sep/2021:23:33:34 +0000] \"GET /assets/css/Chart.min.css HTTP/1.1\" 304 - \"-\" \"Mozilla/5.0 (Macintosh; Intel Mac OS X 10_15_7) AppleWebKit/537.36 (KHTML, like Gecko) Chrome/93.0.4577.63 Safari/537.36\"\n","level":"info"}
{"message":"::1 - - [12/Sep/2021:23:33:34 +0000] \"GET /assets/js/bootstrap-js/bootstrap.min.js.map HTTP/1.1\" 200 192261 \"-\" \"Mozilla/5.0 (Macintosh; Intel Mac OS X 10_15_7) AppleWebKit/537.36 (KHTML, like Gecko) Chrome/93.0.4577.63 Safari/537.36\"\n","level":"info"}
{"message":"::1 - - [12/Sep/2021:23:33:34 +0000] \"GET /assets/css/bootstrap-css/bootstrap.min.css.map HTTP/1.1\" 200 646357 \"-\" \"Mozilla/5.0 (Macintosh; Intel Mac OS X 10_15_7) AppleWebKit/537.36 (KHTML, like Gecko) Chrome/93.0.4577.63 Safari/537.36\"\n","level":"info"}
{"message":"::1 - - [12/Sep/2021:23:33:40 +0000] \"GET /api/transaction/getDistinct/locationUID HTTP/1.1\" 200 2 \"-\" \"Mozilla/5.0 (Macintosh; Intel Mac OS X 10_15_7) AppleWebKit/537.36 (KHTML, like Gecko) Chrome/93.0.4577.63 Safari/537.36\"\n","level":"info"}
{"message":"::1 - - [12/Sep/2021:23:33:49 +0000] \"GET /api/transaction/getDistinct/preparedBy HTTP/1.1\" 200 2 \"-\" \"Mozilla/5.0 (Macintosh; Intel Mac OS X 10_15_7) AppleWebKit/537.36 (KHTML, like Gecko) Chrome/93.0.4577.63 Safari/537.36\"\n","level":"info"}
{"message":"::1 - - [12/Sep/2021:23:34:16 +0000] \"GET /api/transaction/getDistinct/transactionType HTTP/1.1\" 200 2 \"-\" \"Mozilla/5.0 (Macintosh; Intel Mac OS X 10_15_7) AppleWebKit/537.36 (KHTML, like Gecko) Chrome/93.0.4577.63 Safari/537.36\"\n","level":"info"}
{"message":"::1 - - [12/Sep/2021:23:35:47 +0000] \"GET /signout HTTP/1.1\" 302 58 \"-\" \"Mozilla/5.0 (Macintosh; Intel Mac OS X 10_15_7) AppleWebKit/537.36 (KHTML, like Gecko) Chrome/93.0.4577.63 Safari/537.36\"\n","level":"info"}
{"message":"::1 - - [12/Sep/2021:23:35:47 +0000] \"GET /signin HTTP/1.1\" 200 3862 \"-\" \"Mozilla/5.0 (Macintosh; Intel Mac OS X 10_15_7) AppleWebKit/537.36 (KHTML, like Gecko) Chrome/93.0.4577.63 Safari/537.36\"\n","level":"info"}
{"message":"::1 - - [12/Sep/2021:23:35:47 +0000] \"GET /assets/css/bootstrap-css/bootstrap.min.css HTTP/1.1\" 304 - \"-\" \"Mozilla/5.0 (Macintosh; Intel Mac OS X 10_15_7) AppleWebKit/537.36 (KHTML, like Gecko) Chrome/93.0.4577.63 Safari/537.36\"\n","level":"info"}
{"message":"::1 - - [12/Sep/2021:23:35:47 +0000] \"GET /assets/css/selectize.bootstrap4.css HTTP/1.1\" 304 - \"-\" \"Mozilla/5.0 (Macintosh; Intel Mac OS X 10_15_7) AppleWebKit/537.36 (KHTML, like Gecko) Chrome/93.0.4577.63 Safari/537.36\"\n","level":"info"}
{"message":"::1 - - [12/Sep/2021:23:35:47 +0000] \"GET /assets/css/styles.css HTTP/1.1\" 304 - \"-\" \"Mozilla/5.0 (Macintosh; Intel Mac OS X 10_15_7) AppleWebKit/537.36 (KHTML, like Gecko) Chrome/93.0.4577.63 Safari/537.36\"\n","level":"info"}
{"message":"::1 - - [12/Sep/2021:23:35:47 +0000] \"GET /assets/js/jquery/jquery.js HTTP/1.1\" 304 - \"-\" \"Mozilla/5.0 (Macintosh; Intel Mac OS X 10_15_7) AppleWebKit/537.36 (KHTML, like Gecko) Chrome/93.0.4577.63 Safari/537.36\"\n","level":"info"}
{"message":"::1 - - [12/Sep/2021:23:35:47 +0000] \"GET /assets/js/bootstrap-js/bootstrap.bundle.min.js HTTP/1.1\" 304 - \"-\" \"Mozilla/5.0 (Macintosh; Intel Mac OS X 10_15_7) AppleWebKit/537.36 (KHTML, like Gecko) Chrome/93.0.4577.63 Safari/537.36\"\n","level":"info"}
{"message":"::1 - - [12/Sep/2021:23:35:47 +0000] \"GET /assets/js/selectize/selectize.js HTTP/1.1\" 304 - \"-\" \"Mozilla/5.0 (Macintosh; Intel Mac OS X 10_15_7) AppleWebKit/537.36 (KHTML, like Gecko) Chrome/93.0.4577.63 Safari/537.36\"\n","level":"info"}
{"message":"::1 - - [12/Sep/2021:23:35:47 +0000] \"GET /assets/js/auth.js HTTP/1.1\" 304 - \"-\" \"Mozilla/5.0 (Macintosh; Intel Mac OS X 10_15_7) AppleWebKit/537.36 (KHTML, like Gecko) Chrome/93.0.4577.63 Safari/537.36\"\n","level":"info"}
{"message":"::1 - - [12/Sep/2021:23:35:47 +0000] \"GET /assets/js/bootstrap-js/bootstrap.bundle.min.js.map HTTP/1.1\" 200 315990 \"-\" \"Mozilla/5.0 (Macintosh; Intel Mac OS X 10_15_7) AppleWebKit/537.36 (KHTML, like Gecko) Chrome/93.0.4577.63 Safari/537.36\"\n","level":"info"}
{"message":"::1 - - [12/Sep/2021:23:35:47 +0000] \"GET /assets/css/bootstrap-css/bootstrap.min.css.map HTTP/1.1\" 200 646357 \"-\" \"Mozilla/5.0 (Macintosh; Intel Mac OS X 10_15_7) AppleWebKit/537.36 (KHTML, like Gecko) Chrome/93.0.4577.63 Safari/537.36\"\n","level":"info"}
{"message":"::1 - - [12/Sep/2021:23:35:50 +0000] \"POST /signin HTTP/1.1\" 302 46 \"-\" \"Mozilla/5.0 (Macintosh; Intel Mac OS X 10_15_7) AppleWebKit/537.36 (KHTML, like Gecko) Chrome/93.0.4577.63 Safari/537.36\"\n","level":"info"}
{"message":"::1 - - [12/Sep/2021:23:35:50 +0000] \"GET / HTTP/1.1\" 304 - \"-\" \"Mozilla/5.0 (Macintosh; Intel Mac OS X 10_15_7) AppleWebKit/537.36 (KHTML, like Gecko) Chrome/93.0.4577.63 Safari/537.36\"\n","level":"info"}
{"message":"::1 - - [12/Sep/2021:23:35:50 +0000] \"GET /assets/css/bootstrap-css/bootstrap.min.css HTTP/1.1\" 304 - \"-\" \"Mozilla/5.0 (Macintosh; Intel Mac OS X 10_15_7) AppleWebKit/537.36 (KHTML, like Gecko) Chrome/93.0.4577.63 Safari/537.36\"\n","level":"info"}
{"message":"::1 - - [12/Sep/2021:23:35:50 +0000] \"GET /assets/css/selectize.bootstrap4.css HTTP/1.1\" 304 - \"-\" \"Mozilla/5.0 (Macintosh; Intel Mac OS X 10_15_7) AppleWebKit/537.36 (KHTML, like Gecko) Chrome/93.0.4577.63 Safari/537.36\"\n","level":"info"}
{"message":"::1 - - [12/Sep/2021:23:35:50 +0000] \"GET /assets/css/styles.css HTTP/1.1\" 304 - \"-\" \"Mozilla/5.0 (Macintosh; Intel Mac OS X 10_15_7) AppleWebKit/537.36 (KHTML, like Gecko) Chrome/93.0.4577.63 Safari/537.36\"\n","level":"info"}
{"message":"::1 - - [12/Sep/2021:23:35:50 +0000] \"GET /assets/js/DataTables/datatables.min.css HTTP/1.1\" 304 - \"-\" \"Mozilla/5.0 (Macintosh; Intel Mac OS X 10_15_7) AppleWebKit/537.36 (KHTML, like Gecko) Chrome/93.0.4577.63 Safari/537.36\"\n","level":"info"}
{"message":"::1 - - [12/Sep/2021:23:35:50 +0000] \"GET /assets/css/Chart.min.css HTTP/1.1\" 304 - \"-\" \"Mozilla/5.0 (Macintosh; Intel Mac OS X 10_15_7) AppleWebKit/537.36 (KHTML, like Gecko) Chrome/93.0.4577.63 Safari/537.36\"\n","level":"info"}
{"message":"::1 - - [12/Sep/2021:23:35:50 +0000] \"GET /assets/js/jquery/jquery.js HTTP/1.1\" 304 - \"-\" \"Mozilla/5.0 (Macintosh; Intel Mac OS X 10_15_7) AppleWebKit/537.36 (KHTML, like Gecko) Chrome/93.0.4577.63 Safari/537.36\"\n","level":"info"}
{"message":"::1 - - [12/Sep/2021:23:35:50 +0000] \"GET /assets/js/bootstrap-js/bootstrap.min.js HTTP/1.1\" 304 - \"-\" \"Mozilla/5.0 (Macintosh; Intel Mac OS X 10_15_7) AppleWebKit/537.36 (KHTML, like Gecko) Chrome/93.0.4577.63 Safari/537.36\"\n","level":"info"}
{"message":"::1 - - [12/Sep/2021:23:35:50 +0000] \"GET /assets/js/selectize/selectize.js HTTP/1.1\" 304 - \"-\" \"Mozilla/5.0 (Macintosh; Intel Mac OS X 10_15_7) AppleWebKit/537.36 (KHTML, like Gecko) Chrome/93.0.4577.63 Safari/537.36\"\n","level":"info"}
{"message":"::1 - - [12/Sep/2021:23:35:50 +0000] \"GET /assets/js/moment.js HTTP/1.1\" 304 - \"-\" \"Mozilla/5.0 (Macintosh; Intel Mac OS X 10_15_7) AppleWebKit/537.36 (KHTML, like Gecko) Chrome/93.0.4577.63 Safari/537.36\"\n","level":"info"}
{"message":"::1 - - [12/Sep/2021:23:35:50 +0000] \"GET /assets/js/DataTables2/Select-1.3.1/js/dataTables.select.js HTTP/1.1\" 304 - \"-\" \"Mozilla/5.0 (Macintosh; Intel Mac OS X 10_15_7) AppleWebKit/537.36 (KHTML, like Gecko) Chrome/93.0.4577.63 Safari/537.36\"\n","level":"info"}
{"message":"::1 - - [12/Sep/2021:23:35:50 +0000] \"GET /assets/js/home.js HTTP/1.1\" 304 - \"-\" \"Mozilla/5.0 (Macintosh; Intel Mac OS X 10_15_7) AppleWebKit/537.36 (KHTML, like Gecko) Chrome/93.0.4577.63 Safari/537.36\"\n","level":"info"}
{"message":"::1 - - [12/Sep/2021:23:35:50 +0000] \"GET /assets/js/DataTables2/DataTables-1.10.22/js/jquery.dataTables.min.js HTTP/1.1\" 304 - \"-\" \"Mozilla/5.0 (Macintosh; Intel Mac OS X 10_15_7) AppleWebKit/537.36 (KHTML, like Gecko) Chrome/93.0.4577.63 Safari/537.36\"\n","level":"info"}
{"message":"::1 - - [12/Sep/2021:23:35:50 +0000] \"GET /assets/js/numeral.min.js HTTP/1.1\" 304 - \"-\" \"Mozilla/5.0 (Macintosh; Intel Mac OS X 10_15_7) AppleWebKit/537.36 (KHTML, like Gecko) Chrome/93.0.4577.63 Safari/537.36\"\n","level":"info"}
{"message":"::1 - - [12/Sep/2021:23:35:50 +0000] \"GET /assets/js/Chart.min.js HTTP/1.1\" 304 - \"-\" \"Mozilla/5.0 (Macintosh; Intel Mac OS X 10_15_7) AppleWebKit/537.36 (KHTML, like Gecko) Chrome/93.0.4577.63 Safari/537.36\"\n","level":"info"}
{"message":"::1 - - [12/Sep/2021:23:35:50 +0000] \"GET /assets/js/app.js HTTP/1.1\" 304 - \"-\" \"Mozilla/5.0 (Macintosh; Intel Mac OS X 10_15_7) AppleWebKit/537.36 (KHTML, like Gecko) Chrome/93.0.4577.63 Safari/537.36\"\n","level":"info"}
{"message":"::1 - - [12/Sep/2021:23:35:50 +0000] \"GET /assets/css/bootstrap-css/bootstrap.min.css.map HTTP/1.1\" 200 646357 \"-\" \"Mozilla/5.0 (Macintosh; Intel Mac OS X 10_15_7) AppleWebKit/537.36 (KHTML, like Gecko) Chrome/93.0.4577.63 Safari/537.36\"\n","level":"info"}
{"message":"::1 - - [12/Sep/2021:23:35:50 +0000] \"GET /assets/js/bootstrap-js/bootstrap.min.js.map HTTP/1.1\" 200 192261 \"-\" \"Mozilla/5.0 (Macintosh; Intel Mac OS X 10_15_7) AppleWebKit/537.36 (KHTML, like Gecko) Chrome/93.0.4577.63 Safari/537.36\"\n","level":"info"}
{"message":"::1 - - [12/Sep/2021:23:35:50 +0000] \"GET /api/transactions/chart/byLocation/day HTTP/1.1\" 304 - \"-\" \"Mozilla/5.0 (Macintosh; Intel Mac OS X 10_15_7) AppleWebKit/537.36 (KHTML, like Gecko) Chrome/93.0.4577.63 Safari/537.36\"\n","level":"info"}
{"message":"::1 - - [12/Sep/2021:23:35:50 +0000] \"GET /api/transactions/getMostRecent HTTP/1.1\" 304 - \"-\" \"Mozilla/5.0 (Macintosh; Intel Mac OS X 10_15_7) AppleWebKit/537.36 (KHTML, like Gecko) Chrome/93.0.4577.63 Safari/537.36\"\n","level":"info"}
{"message":"::1 - - [12/Sep/2021:23:35:52 +0000] \"GET /transaction/library HTTP/1.1\" 304 - \"-\" \"Mozilla/5.0 (Macintosh; Intel Mac OS X 10_15_7) AppleWebKit/537.36 (KHTML, like Gecko) Chrome/93.0.4577.63 Safari/537.36\"\n","level":"info"}
{"message":"::1 - - [12/Sep/2021:23:35:52 +0000] \"GET /assets/css/bootstrap-css/bootstrap.min.css HTTP/1.1\" 304 - \"-\" \"Mozilla/5.0 (Macintosh; Intel Mac OS X 10_15_7) AppleWebKit/537.36 (KHTML, like Gecko) Chrome/93.0.4577.63 Safari/537.36\"\n","level":"info"}
{"message":"::1 - - [12/Sep/2021:23:35:52 +0000] \"GET /assets/css/selectize.bootstrap4.css HTTP/1.1\" 304 - \"-\" \"Mozilla/5.0 (Macintosh; Intel Mac OS X 10_15_7) AppleWebKit/537.36 (KHTML, like Gecko) Chrome/93.0.4577.63 Safari/537.36\"\n","level":"info"}
{"message":"::1 - - [12/Sep/2021:23:35:52 +0000] \"GET /assets/css/styles.css HTTP/1.1\" 304 - \"-\" \"Mozilla/5.0 (Macintosh; Intel Mac OS X 10_15_7) AppleWebKit/537.36 (KHTML, like Gecko) Chrome/93.0.4577.63 Safari/537.36\"\n","level":"info"}
{"message":"::1 - - [12/Sep/2021:23:35:52 +0000] \"GET /assets/js/DataTables/datatables.min.css HTTP/1.1\" 304 - \"-\" \"Mozilla/5.0 (Macintosh; Intel Mac OS X 10_15_7) AppleWebKit/537.36 (KHTML, like Gecko) Chrome/93.0.4577.63 Safari/537.36\"\n","level":"info"}
{"message":"::1 - - [12/Sep/2021:23:35:52 +0000] \"GET /assets/css/Chart.min.css HTTP/1.1\" 304 - \"-\" \"Mozilla/5.0 (Macintosh; Intel Mac OS X 10_15_7) AppleWebKit/537.36 (KHTML, like Gecko) Chrome/93.0.4577.63 Safari/537.36\"\n","level":"info"}
{"message":"::1 - - [12/Sep/2021:23:35:52 +0000] \"GET /assets/js/jquery/jquery.js HTTP/1.1\" 304 - \"-\" \"Mozilla/5.0 (Macintosh; Intel Mac OS X 10_15_7) AppleWebKit/537.36 (KHTML, like Gecko) Chrome/93.0.4577.63 Safari/537.36\"\n","level":"info"}
{"message":"::1 - - [12/Sep/2021:23:35:52 +0000] \"GET /assets/js/bootstrap-js/bootstrap.min.js HTTP/1.1\" 304 - \"-\" \"Mozilla/5.0 (Macintosh; Intel Mac OS X 10_15_7) AppleWebKit/537.36 (KHTML, like Gecko) Chrome/93.0.4577.63 Safari/537.36\"\n","level":"info"}
{"message":"::1 - - [12/Sep/2021:23:35:52 +0000] \"GET /assets/js/selectize/selectize.js HTTP/1.1\" 304 - \"-\" \"Mozilla/5.0 (Macintosh; Intel Mac OS X 10_15_7) AppleWebKit/537.36 (KHTML, like Gecko) Chrome/93.0.4577.63 Safari/537.36\"\n","level":"info"}
{"message":"::1 - - [12/Sep/2021:23:35:52 +0000] \"GET /assets/js/moment.js HTTP/1.1\" 304 - \"-\" \"Mozilla/5.0 (Macintosh; Intel Mac OS X 10_15_7) AppleWebKit/537.36 (KHTML, like Gecko) Chrome/93.0.4577.63 Safari/537.36\"\n","level":"info"}
{"message":"::1 - - [12/Sep/2021:23:35:52 +0000] \"GET /assets/js/DataTables2/DataTables-1.10.22/js/jquery.dataTables.min.js HTTP/1.1\" 304 - \"-\" \"Mozilla/5.0 (Macintosh; Intel Mac OS X 10_15_7) AppleWebKit/537.36 (KHTML, like Gecko) Chrome/93.0.4577.63 Safari/537.36\"\n","level":"info"}
{"message":"::1 - - [12/Sep/2021:23:35:52 +0000] \"GET /assets/js/DataTables2/Select-1.3.1/js/dataTables.select.js HTTP/1.1\" 304 - \"-\" \"Mozilla/5.0 (Macintosh; Intel Mac OS X 10_15_7) AppleWebKit/537.36 (KHTML, like Gecko) Chrome/93.0.4577.63 Safari/537.36\"\n","level":"info"}
{"message":"::1 - - [12/Sep/2021:23:35:52 +0000] \"GET /assets/js/transactionLibrary.js HTTP/1.1\" 304 - \"-\" \"Mozilla/5.0 (Macintosh; Intel Mac OS X 10_15_7) AppleWebKit/537.36 (KHTML, like Gecko) Chrome/93.0.4577.63 Safari/537.36\"\n","level":"info"}
{"message":"::1 - - [12/Sep/2021:23:35:52 +0000] \"GET /assets/js/numeral.min.js HTTP/1.1\" 304 - \"-\" \"Mozilla/5.0 (Macintosh; Intel Mac OS X 10_15_7) AppleWebKit/537.36 (KHTML, like Gecko) Chrome/93.0.4577.63 Safari/537.36\"\n","level":"info"}
{"message":"::1 - - [12/Sep/2021:23:35:52 +0000] \"GET /assets/js/Chart.min.js HTTP/1.1\" 304 - \"-\" \"Mozilla/5.0 (Macintosh; Intel Mac OS X 10_15_7) AppleWebKit/537.36 (KHTML, like Gecko) Chrome/93.0.4577.63 Safari/537.36\"\n","level":"info"}
{"message":"::1 - - [12/Sep/2021:23:35:52 +0000] \"GET /assets/js/app.js HTTP/1.1\" 304 - \"-\" \"Mozilla/5.0 (Macintosh; Intel Mac OS X 10_15_7) AppleWebKit/537.36 (KHTML, like Gecko) Chrome/93.0.4577.63 Safari/537.36\"\n","level":"info"}
{"message":"::1 - - [12/Sep/2021:23:35:52 +0000] \"GET /assets/css/bootstrap-css/bootstrap.min.css.map HTTP/1.1\" 200 646357 \"-\" \"Mozilla/5.0 (Macintosh; Intel Mac OS X 10_15_7) AppleWebKit/537.36 (KHTML, like Gecko) Chrome/93.0.4577.63 Safari/537.36\"\n","level":"info"}
{"message":"::1 - - [12/Sep/2021:23:35:52 +0000] \"GET /assets/js/bootstrap-js/bootstrap.min.js.map HTTP/1.1\" 200 192261 \"-\" \"Mozilla/5.0 (Macintosh; Intel Mac OS X 10_15_7) AppleWebKit/537.36 (KHTML, like Gecko) Chrome/93.0.4577.63 Safari/537.36\"\n","level":"info"}
{"message":"::1 - - [12/Sep/2021:23:35:54 +0000] \"GET /api/transaction/getDistinct/transactionUID HTTP/1.1\" 200 115 \"-\" \"Mozilla/5.0 (Macintosh; Intel Mac OS X 10_15_7) AppleWebKit/537.36 (KHTML, like Gecko) Chrome/93.0.4577.63 Safari/537.36\"\n","level":"info"}
{"message":"::1 - - [12/Sep/2021:23:35:59 +0000] \"GET /api/getTransactions/transactionUID/JDYXYV HTTP/1.1\" 200 363 \"-\" \"Mozilla/5.0 (Macintosh; Intel Mac OS X 10_15_7) AppleWebKit/537.36 (KHTML, like Gecko) Chrome/93.0.4577.63 Safari/537.36\"\n","level":"info"}
{"message":"::1 - - [12/Sep/2021:23:36:00 +0000] \"GET /api/search/transactionUID/JDYXYV HTTP/1.1\" 200 405 \"-\" \"Mozilla/5.0 (Macintosh; Intel Mac OS X 10_15_7) AppleWebKit/537.36 (KHTML, like Gecko) Chrome/93.0.4577.63 Safari/537.36\"\n","level":"info"}
{"message":"::1 - - [12/Sep/2021:23:36:02 +0000] \"GET /profile HTTP/1.1\" 304 - \"-\" \"Mozilla/5.0 (Macintosh; Intel Mac OS X 10_15_7) AppleWebKit/537.36 (KHTML, like Gecko) Chrome/93.0.4577.63 Safari/537.36\"\n","level":"info"}
{"message":"::1 - - [12/Sep/2021:23:36:03 +0000] \"GET /assets/css/bootstrap-css/bootstrap.min.css HTTP/1.1\" 304 - \"-\" \"Mozilla/5.0 (Macintosh; Intel Mac OS X 10_15_7) AppleWebKit/537.36 (KHTML, like Gecko) Chrome/93.0.4577.63 Safari/537.36\"\n","level":"info"}
{"message":"::1 - - [12/Sep/2021:23:36:03 +0000] \"GET /assets/css/selectize.bootstrap4.css HTTP/1.1\" 304 - \"-\" \"Mozilla/5.0 (Macintosh; Intel Mac OS X 10_15_7) AppleWebKit/537.36 (KHTML, like Gecko) Chrome/93.0.4577.63 Safari/537.36\"\n","level":"info"}
{"message":"::1 - - [12/Sep/2021:23:36:03 +0000] \"GET /assets/css/styles.css HTTP/1.1\" 304 - \"-\" \"Mozilla/5.0 (Macintosh; Intel Mac OS X 10_15_7) AppleWebKit/537.36 (KHTML, like Gecko) Chrome/93.0.4577.63 Safari/537.36\"\n","level":"info"}
{"message":"::1 - - [12/Sep/2021:23:36:03 +0000] \"GET /assets/js/DataTables/datatables.min.css HTTP/1.1\" 304 - \"-\" \"Mozilla/5.0 (Macintosh; Intel Mac OS X 10_15_7) AppleWebKit/537.36 (KHTML, like Gecko) Chrome/93.0.4577.63 Safari/537.36\"\n","level":"info"}
{"message":"::1 - - [12/Sep/2021:23:36:03 +0000] \"GET /assets/css/Chart.min.css HTTP/1.1\" 304 - \"-\" \"Mozilla/5.0 (Macintosh; Intel Mac OS X 10_15_7) AppleWebKit/537.36 (KHTML, like Gecko) Chrome/93.0.4577.63 Safari/537.36\"\n","level":"info"}
{"message":"::1 - - [12/Sep/2021:23:36:03 +0000] \"GET /assets/js/jquery/jquery.js HTTP/1.1\" 304 - \"-\" \"Mozilla/5.0 (Macintosh; Intel Mac OS X 10_15_7) AppleWebKit/537.36 (KHTML, like Gecko) Chrome/93.0.4577.63 Safari/537.36\"\n","level":"info"}
{"message":"::1 - - [12/Sep/2021:23:36:03 +0000] \"GET /assets/js/bootstrap-js/bootstrap.min.js HTTP/1.1\" 304 - \"-\" \"Mozilla/5.0 (Macintosh; Intel Mac OS X 10_15_7) AppleWebKit/537.36 (KHTML, like Gecko) Chrome/93.0.4577.63 Safari/537.36\"\n","level":"info"}
{"message":"::1 - - [12/Sep/2021:23:36:03 +0000] \"GET /assets/js/selectize/selectize.js HTTP/1.1\" 304 - \"-\" \"Mozilla/5.0 (Macintosh; Intel Mac OS X 10_15_7) AppleWebKit/537.36 (KHTML, like Gecko) Chrome/93.0.4577.63 Safari/537.36\"\n","level":"info"}
{"message":"::1 - - [12/Sep/2021:23:36:03 +0000] \"GET /assets/js/moment.js HTTP/1.1\" 304 - \"-\" \"Mozilla/5.0 (Macintosh; Intel Mac OS X 10_15_7) AppleWebKit/537.36 (KHTML, like Gecko) Chrome/93.0.4577.63 Safari/537.36\"\n","level":"info"}
{"message":"::1 - - [12/Sep/2021:23:36:03 +0000] \"GET /assets/js/profile.js HTTP/1.1\" 304 - \"-\" \"Mozilla/5.0 (Macintosh; Intel Mac OS X 10_15_7) AppleWebKit/537.36 (KHTML, like Gecko) Chrome/93.0.4577.63 Safari/537.36\"\n","level":"info"}
{"message":"::1 - - [12/Sep/2021:23:36:03 +0000] \"GET /assets/js/numeral.min.js HTTP/1.1\" 304 - \"-\" \"Mozilla/5.0 (Macintosh; Intel Mac OS X 10_15_7) AppleWebKit/537.36 (KHTML, like Gecko) Chrome/93.0.4577.63 Safari/537.36\"\n","level":"info"}
{"message":"::1 - - [12/Sep/2021:23:36:03 +0000] \"GET /assets/js/DataTables2/DataTables-1.10.22/js/jquery.dataTables.min.js HTTP/1.1\" 304 - \"-\" \"Mozilla/5.0 (Macintosh; Intel Mac OS X 10_15_7) AppleWebKit/537.36 (KHTML, like Gecko) Chrome/93.0.4577.63 Safari/537.36\"\n","level":"info"}
{"message":"::1 - - [12/Sep/2021:23:36:03 +0000] \"GET /assets/js/DataTables2/Select-1.3.1/js/dataTables.select.js HTTP/1.1\" 304 - \"-\" \"Mozilla/5.0 (Macintosh; Intel Mac OS X 10_15_7) AppleWebKit/537.36 (KHTML, like Gecko) Chrome/93.0.4577.63 Safari/537.36\"\n","level":"info"}
{"message":"::1 - - [12/Sep/2021:23:36:03 +0000] \"GET /assets/js/app.js HTTP/1.1\" 304 - \"-\" \"Mozilla/5.0 (Macintosh; Intel Mac OS X 10_15_7) AppleWebKit/537.36 (KHTML, like Gecko) Chrome/93.0.4577.63 Safari/537.36\"\n","level":"info"}
{"message":"::1 - - [12/Sep/2021:23:36:03 +0000] \"GET /assets/js/Chart.min.js HTTP/1.1\" 304 - \"-\" \"Mozilla/5.0 (Macintosh; Intel Mac OS X 10_15_7) AppleWebKit/537.36 (KHTML, like Gecko) Chrome/93.0.4577.63 Safari/537.36\"\n","level":"info"}
{"message":"::1 - - [12/Sep/2021:23:36:03 +0000] \"GET /assets/css/bootstrap-css/bootstrap.min.css.map HTTP/1.1\" 200 646357 \"-\" \"Mozilla/5.0 (Macintosh; Intel Mac OS X 10_15_7) AppleWebKit/537.36 (KHTML, like Gecko) Chrome/93.0.4577.63 Safari/537.36\"\n","level":"info"}
{"message":"::1 - - [12/Sep/2021:23:36:03 +0000] \"GET /assets/js/bootstrap-js/bootstrap.min.js.map HTTP/1.1\" 200 192261 \"-\" \"Mozilla/5.0 (Macintosh; Intel Mac OS X 10_15_7) AppleWebKit/537.36 (KHTML, like Gecko) Chrome/93.0.4577.63 Safari/537.36\"\n","level":"info"}
